Using pre-set license
Built from '2021.3/staging' branch; Version is '2021.3.1f1 (3b70a0754835) revision 3895456'; Using compiler version '192829333'; Build Type 'Release'
OS: 'Windows 11  (10.0.22616) 64bit Professional' Language: 'ru' Physical Memory: 16315 MB
BatchMode: 1, IsHumanControllingUs: 0, StartBugReporterOnCrash: 0, Is64bit: 1, IsPro: 1

COMMAND LINE ARGUMENTS:
D:\unity\2021.3.1f1\Editor\Unity.exe
-adb2
-batchMode
-noUpm
-name
AssetImportWorker3
-projectPath
D:/unity/New Unity Project
-logFile
Logs/AssetImportWorker3.log
-srvPort
64774
Successfully changed project path to: D:/unity/New Unity Project
D:/unity/New Unity Project
[UnityMemory] Configuration Parameters - Can be set up in boot.config
    "memorysetup-bucket-allocator-granularity=16"
    "memorysetup-bucket-allocator-bucket-count=8"
    "memorysetup-bucket-allocator-block-size=33554432"
    "memorysetup-bucket-allocator-block-count=8"
    "memorysetup-main-allocator-block-size=16777216"
    "memorysetup-thread-allocator-block-size=16777216"
    "memorysetup-gfx-main-allocator-block-size=16777216"
    "memorysetup-gfx-thread-allocator-block-size=16777216"
    "memorysetup-cache-allocator-block-size=4194304"
    "memorysetup-typetree-allocator-block-size=2097152"
    "memorysetup-profiler-bucket-allocator-granularity=16"
    "memorysetup-profiler-bucket-allocator-bucket-count=8"
    "memorysetup-profiler-bucket-allocator-block-size=33554432"
    "memorysetup-profiler-bucket-allocator-block-count=8"
    "memorysetup-profiler-allocator-block-size=16777216"
    "memorysetup-profiler-editor-allocator-block-size=1048576"
    "memorysetup-temp-allocator-size-main=16777216"
    "memorysetup-job-temp-allocator-block-size=2097152"
    "memorysetup-job-temp-allocator-block-size-background=1048576"
    "memorysetup-job-temp-allocator-reduction-small-platforms=262144"
    "memorysetup-temp-allocator-size-background-worker=32768"
    "memorysetup-temp-allocator-size-job-worker=262144"
    "memorysetup-temp-allocator-size-preload-manager=33554432"
    "memorysetup-temp-allocator-size-nav-mesh-worker=65536"
    "memorysetup-temp-allocator-size-audio-worker=65536"
    "memorysetup-temp-allocator-size-cloud-worker=32768"
    "memorysetup-temp-allocator-size-gi-baking-worker=262144"
    "memorysetup-temp-allocator-size-gfx=262144"
Refreshing native plugins compatible for Editor in 125.97 ms, found 3 plugins.
Preloading 0 native plugins for Editor in 0.00 ms.
Initialize engine version: 2021.3.1f1 (3b70a0754835)
[Subsystems] Discovering subsystems at path D:/unity/2021.3.1f1/Editor/Data/Resources/UnitySubsystems
[Subsystems] Discovering subsystems at path D:/unity/New Unity Project/Assets
GfxDevice: creating device client; threaded=0; jobified=0
Direct3D:
    Version:  Direct3D 11.0 [level 11.1]
    Renderer: NVIDIA GeForce RTX 2060 (ID=0x1e89)
    Vendor:   NVIDIA
    VRAM:     5968 MB
    Driver:   30.0.15.1220
Initialize mono
Mono path[0] = 'D:/unity/2021.3.1f1/Editor/Data/Managed'
Mono path[1] = 'D:/unity/2021.3.1f1/Editor/Data/MonoBleedingEdge/lib/mono/unityjit-win32'
Mono config path = 'D:/unity/2021.3.1f1/Editor/Data/MonoBleedingEdge/etc'
Using monoOptions --debugger-agent=transport=dt_socket,embedding=1,server=y,suspend=n,address=127.0.0.1:56904
Begin MonoManager ReloadAssembly
Registering precompiled unity dll's ...
Register platform support module: D:/unity/2021.3.1f1/Editor/Data/PlaybackEngines/WebGLSupport/UnityEditor.WebGL.Extensions.dll
Register platform support module: D:/unity/2021.3.1f1/Editor/Data/PlaybackEngines/WindowsStandaloneSupport/UnityEditor.WindowsStandalone.Extensions.dll
Registered in 0.001755 seconds.
Native extension for WindowsStandalone target not found
Native extension for WebGL target not found
Refreshing native plugins compatible for Editor in 111.25 ms, found 3 plugins.
Preloading 0 native plugins for Editor in 0.00 ms.
Mono: successfully reloaded assembly
- Completed reload, in  0.602 seconds
Domain Reload Profiling:
	ReloadAssembly (603ms)
		BeginReloadAssembly (71ms)
			ExecutionOrderSort (0ms)
			DisableScriptedObjects (0ms)
			BackupInstance (0ms)
			ReleaseScriptingObjects (0ms)
			CreateAndSetChildDomain (1ms)
		EndReloadAssembly (437ms)
			LoadAssemblies (70ms)
			RebuildTransferFunctionScriptingTraits (0ms)
			SetupTypeCache (109ms)
			ReleaseScriptCaches (0ms)
			RebuildScriptCaches (24ms)
			SetupLoadedEditorAssemblies (261ms)
				LogAssemblyErrors (0ms)
				InitializePlatformSupportModulesInManaged (7ms)
				SetLoadedEditorAssemblies (0ms)
				RefreshPlugins (111ms)
				BeforeProcessingInitializeOnLoad (1ms)
				ProcessInitializeOnLoadAttributes (102ms)
				ProcessInitializeOnLoadMethodAttributes (40ms)
				AfterProcessingInitializeOnLoad (0ms)
				EditorAssembliesLoaded (0ms)
			ExecutionOrderSort2 (0ms)
			AwakeInstancesAfterBackupRestoration (0ms)
Platform modules already initialized, skipping
Registering precompiled user dll's ...
Registered in 0.002412 seconds.
Begin MonoManager ReloadAssembly
Symbol file LoadedFromMemory doesn't match image D:\unity\New Unity Project\Library\PackageCache\com.unity.visualscripting@1.7.6\Editor\VisualScripting.Core\Dependencies\YamlDotNet\Unity.VisualScripting.YamlDotNet.dll
Symbol file LoadedFromMemory is not a mono symbol file
Symbol file LoadedFromMemory doesn't match image D:\unity\New Unity Project\Library\PackageCache\com.unity.visualscripting@1.7.6\Editor\VisualScripting.Core\Dependencies\DotNetZip\Unity.VisualScripting.IonicZip.dll
Native extension for WindowsStandalone target not found
Native extension for WebGL target not found
Refreshing native plugins compatible for Editor in 2.13 ms, found 3 plugins.
Preloading 0 native plugins for Editor in 0.00 ms.
Mono: successfully reloaded assembly
- Completed reload, in  0.875 seconds
Domain Reload Profiling:
	ReloadAssembly (876ms)
		BeginReloadAssembly (93ms)
			ExecutionOrderSort (0ms)
			DisableScriptedObjects (5ms)
			BackupInstance (0ms)
			ReleaseScriptingObjects (0ms)
			CreateAndSetChildDomain (17ms)
		EndReloadAssembly (688ms)
			LoadAssemblies (73ms)
			RebuildTransferFunctionScriptingTraits (0ms)
			SetupTypeCache (184ms)
			ReleaseScriptCaches (1ms)
			RebuildScriptCaches (50ms)
			SetupLoadedEditorAssemblies (337ms)
				LogAssemblyErrors (0ms)
				InitializePlatformSupportModulesInManaged (6ms)
				SetLoadedEditorAssemblies (0ms)
				RefreshPlugins (2ms)
				BeforeProcessingInitializeOnLoad (82ms)
				ProcessInitializeOnLoadAttributes (221ms)
				ProcessInitializeOnLoadMethodAttributes (22ms)
				AfterProcessingInitializeOnLoad (2ms)
				EditorAssembliesLoaded (0ms)
			ExecutionOrderSort2 (0ms)
			AwakeInstancesAfterBackupRestoration (7ms)
Platform modules already initialized, skipping
========================================================================
Worker process is ready to serve import requests
Launched and connected shader compiler UnityShaderCompiler.exe after 0.06 seconds
Refreshing native plugins compatible for Editor in 1.30 ms, found 3 plugins.
Preloading 0 native plugins for Editor in 0.00 ms.
Unloading 3138 Unused Serialized files (Serialized files now loaded: 0)
Unloading 20 unused Assets / (47.9 KB). Loaded Objects now: 3609.
Memory consumption went from 118.2 MB to 118.2 MB.
Total: 2.717100 ms (FindLiveObjects: 0.287300 ms CreateObjectMapping: 0.092600 ms MarkObjects: 2.263900 ms  DeleteObjects: 0.071900 ms)

AssetImportParameters requested are different than current active one (requested -> active):
  custom:video-decoder-ogg-theora: a1e56fd34408186e4bbccfd4996cb3dc -> 
  custom:container-muxer-webm: aa71ff27fc2769a1b78a27578f13a17b -> 
  custom:container-demuxer-webm: 4f35f7cbe854078d1ac9338744f61a02 -> 
  custom:video-encoder-webm-vp8: eb34c28f22e8b96e1ab97ce403110664 -> 
  custom:audio-encoder-webm-vorbis: bf7c407c2cedff20999df2af8eb42d56 -> 
  custom:framework-win-MediaFoundation: 216162199b28c13a410421893ffa2e32 -> 
  custom:container-demuxer-ogg: 62fdf1f143b41e24485cea50d1cbac27 -> 
  custom:video-decoder-webm-vp8: 9c59270c3fd7afecdb556c50c9e8de78 -> 
  custom:audio-decoder-ogg-vorbis: bf7c407c2cedff20999df2af8eb42d56 -> 
========================================================================
Received Import Request.
  Time since last request: 124728.573988 seconds.
  path: Assets/PolygonGangWarfare/Prefabs/Props/SM_Prop_Lighter_01.prefab
  artifactKey: Guid(d58ae6f3cb094e44d880698426fc6d71) Importer(815301076,1909f56bfc062723c751e8b465ee728b)
Start importing Assets/PolygonGangWarfare/Prefabs/Props/SM_Prop_Lighter_01.prefab using Guid(d58ae6f3cb094e44d880698426fc6d71) Importer(815301076,1909f56bfc062723c751e8b465ee728b)  -> (artifact id: 'da66ed8c83e19816c6633a945f10babd') in 0.173638 seconds 
========================================================================
Received Import Request.
  Time since last request: 0.000015 seconds.
  path: Assets/PolygonApocalypse/Models/SM_Prop_LightPole_Base_01.fbx
  artifactKey: Guid(10283eaf136e7dc40b40bb5c9efb3e8d) Importer(815301076,1909f56bfc062723c751e8b465ee728b)
Start importing Assets/PolygonApocalypse/Models/SM_Prop_LightPole_Base_01.fbx using Guid(10283eaf136e7dc40b40bb5c9efb3e8d) Importer(815301076,1909f56bfc062723c751e8b465ee728b)  -> (artifact id: '56ce9495978f61977777cc05a6204f3c') in 0.125219 seconds 
========================================================================
Received Import Request.
  Time since last request: 0.000020 seconds.
  path: Assets/PolygonApocalypse/Models/SM_Prop_LightPole_Arm_01.fbx
  artifactKey: Guid(0679dc10dc312804cb063f1920f3c35a) Importer(815301076,1909f56bfc062723c751e8b465ee728b)
Start importing Assets/PolygonApocalypse/Models/SM_Prop_LightPole_Arm_01.fbx using Guid(0679dc10dc312804cb063f1920f3c35a) Importer(815301076,1909f56bfc062723c751e8b465ee728b)  -> (artifact id: '944ec2755e36846f52d24e97e8562318') in 0.196292 seconds 
========================================================================
Received Import Request.
  Time since last request: 0.048248 seconds.
  path: Assets/PolygonGangWarfare/Models/SM_Prop_Plant_Light_01.fbx
  artifactKey: Guid(10a9b028363d1b84bb5110386178f99a) Importer(815301076,1909f56bfc062723c751e8b465ee728b)
Start importing Assets/PolygonGangWarfare/Models/SM_Prop_Plant_Light_01.fbx using Guid(10a9b028363d1b84bb5110386178f99a) Importer(815301076,1909f56bfc062723c751e8b465ee728b)  -> (artifact id: 'eb58e7d1b0e2b28c90f12e4ca3d1363d') in 0.009276 seconds 
========================================================================
Received Import Request.
  Time since last request: 0.000015 seconds.
  path: Assets/PolygonGangWarfare/Prefabs/Props/SM_Prop_Plant_Light_01.prefab
  artifactKey: Guid(c53b95205d634c547b2b3326674d5f98) Importer(815301076,1909f56bfc062723c751e8b465ee728b)
Start importing Assets/PolygonGangWarfare/Prefabs/Props/SM_Prop_Plant_Light_01.prefab using Guid(c53b95205d634c547b2b3326674d5f98) Importer(815301076,1909f56bfc062723c751e8b465ee728b)  -> (artifact id: 'd9b6a3a6863976bb030a87287eb64a49') in 0.089068 seconds 
========================================================================
Received Import Request.
  Time since last request: 0.175378 seconds.
  path: Assets/PolygonApocalypse/Models/SM_Prop_TrafficLight_03.fbx
  artifactKey: Guid(12ca80743e74de64cacd24ab117d4a63) Importer(815301076,1909f56bfc062723c751e8b465ee728b)
Start importing Assets/PolygonApocalypse/Models/SM_Prop_TrafficLight_03.fbx using Guid(12ca80743e74de64cacd24ab117d4a63) Importer(815301076,1909f56bfc062723c751e8b465ee728b)  -> (artifact id: '83dbf08b16c4ffc4ec23dece4588776a') in 0.223697 seconds 
========================================================================
Received Import Request.
  Time since last request: 0.000017 seconds.
  path: Assets/PolygonGangWarfare/Models/SM_Prop_Warehouse_Light_01.fbx
  artifactKey: Guid(5be29b8a544d713428d63c2fb5fc8f28) Importer(815301076,1909f56bfc062723c751e8b465ee728b)
Start importing Assets/PolygonGangWarfare/Models/SM_Prop_Warehouse_Light_01.fbx using Guid(5be29b8a544d713428d63c2fb5fc8f28) Importer(815301076,1909f56bfc062723c751e8b465ee728b)  -> (artifact id: '0fd8b3effb24ebddfbf02c148fd4a205') in 0.009985 seconds 
========================================================================
Received Import Request.
  Time since last request: 0.000029 seconds.
  path: Assets/PolygonApocalypse/Models/SM_Prop_TrafficLight_04.fbx
  artifactKey: Guid(378ee7f7be19f184c9b08c1890a2c588) Importer(815301076,1909f56bfc062723c751e8b465ee728b)
Start importing Assets/PolygonApocalypse/Models/SM_Prop_TrafficLight_04.fbx using Guid(378ee7f7be19f184c9b08c1890a2c588) Importer(815301076,1909f56bfc062723c751e8b465ee728b)  -> (artifact id: '2576fdc166f96eac520597ef44ff443d') in 0.176590 seconds 
========================================================================
Received Import Request.
  Time since last request: 0.000017 seconds.
  path: Assets/PolygonGangWarfare/Models/SM_Prop_Warehouse_Light_03.fbx
  artifactKey: Guid(b0879eb75ee285a44b2b459f3389ec55) Importer(815301076,1909f56bfc062723c751e8b465ee728b)
Start importing Assets/PolygonGangWarfare/Models/SM_Prop_Warehouse_Light_03.fbx using Guid(b0879eb75ee285a44b2b459f3389ec55) Importer(815301076,1909f56bfc062723c751e8b465ee728b)  -> (artifact id: '3268e36a55904cdb99f6798f3783811a') in 0.011100 seconds 
========================================================================
Received Import Request.
  Time since last request: 0.011914 seconds.
  path: Assets/PolygonGangWarfare/Prefabs/Props/SM_Prop_Warehouse_Light_Chain_01.prefab
  artifactKey: Guid(fe202730cbf31eb418631e18a10e5370) Importer(815301076,1909f56bfc062723c751e8b465ee728b)
Start importing Assets/PolygonGangWarfare/Prefabs/Props/SM_Prop_Warehouse_Light_Chain_01.prefab using Guid(fe202730cbf31eb418631e18a10e5370) Importer(815301076,1909f56bfc062723c751e8b465ee728b)  -> (artifact id: '7f9217537d19c1d004447ac69baf93b5') in 0.053985 seconds 
========================================================================
Received Import Request.
  Time since last request: 0.000019 seconds.
  path: Assets/PolygonGangWarfare/Prefabs/Props/SM_Prop_Warehouse_WallLight_01.prefab
  artifactKey: Guid(1a57ce71ec7d2104ea0a1086d99f56db) Importer(815301076,1909f56bfc062723c751e8b465ee728b)
Start importing Assets/PolygonGangWarfare/Prefabs/Props/SM_Prop_Warehouse_WallLight_01.prefab using Guid(1a57ce71ec7d2104ea0a1086d99f56db) Importer(815301076,1909f56bfc062723c751e8b465ee728b)  -> (artifact id: '91e9fb485c9feca0d8e26cd2b060dbf4') in 0.031771 seconds 
========================================================================
Received Import Request.
  Time since last request: 12.773580 seconds.
  path: Assets/PolygonApocalypse/Models/SM_Veh_Attach_Lights_03.fbx
  artifactKey: Guid(e0281cd3ba027ca468b41bee0f1972ea) Importer(815301076,1909f56bfc062723c751e8b465ee728b)
Start importing Assets/PolygonApocalypse/Models/SM_Veh_Attach_Lights_03.fbx using Guid(e0281cd3ba027ca468b41bee0f1972ea) Importer(815301076,1909f56bfc062723c751e8b465ee728b)  -> (artifact id: 'f7600d7d183bc147bb126a5f321e472b') in 0.012997 seconds 
========================================================================
Received Import Request.
  Time since last request: 0.000018 seconds.
  path: Assets/PolygonApocalypse/Models/SM_Veh_Attach_Lights_05.fbx
  artifactKey: Guid(317f4765a90f68e4ca86c0fdb9cd1b90) Importer(815301076,1909f56bfc062723c751e8b465ee728b)
Start importing Assets/PolygonApocalypse/Models/SM_Veh_Attach_Lights_05.fbx using Guid(317f4765a90f68e4ca86c0fdb9cd1b90) Importer(815301076,1909f56bfc062723c751e8b465ee728b)  -> (artifact id: '7d9e12164a4bdfa698d39c97a913bed9') in 0.013239 seconds 
========================================================================
Received Prepare
Registering precompiled user dll's ...
Registered in 0.002150 seconds.
Begin MonoManager ReloadAssembly
Symbol file LoadedFromMemory doesn't match image D:\unity\New Unity Project\Library\PackageCache\com.unity.visualscripting@1.7.6\Editor\VisualScripting.Core\Dependencies\YamlDotNet\Unity.VisualScripting.YamlDotNet.dll
Symbol file LoadedFromMemory is not a mono symbol file
Symbol file LoadedFromMemory doesn't match image D:\unity\New Unity Project\Library\PackageCache\com.unity.visualscripting@1.7.6\Editor\VisualScripting.Core\Dependencies\DotNetZip\Unity.VisualScripting.IonicZip.dll
Native extension for WindowsStandalone target not found
Native extension for WebGL target not found
Refreshing native plugins compatible for Editor in 1.71 ms, found 3 plugins.
Preloading 0 native plugins for Editor in 0.00 ms.
Mono: successfully reloaded assembly
- Completed reload, in  0.794 seconds
Domain Reload Profiling:
	ReloadAssembly (795ms)
		BeginReloadAssembly (119ms)
			ExecutionOrderSort (0ms)
			DisableScriptedObjects (4ms)
			BackupInstance (0ms)
			ReleaseScriptingObjects (0ms)
			CreateAndSetChildDomain (35ms)
		EndReloadAssembly (588ms)
			LoadAssemblies (79ms)
			RebuildTransferFunctionScriptingTraits (0ms)
			SetupTypeCache (188ms)
			ReleaseScriptCaches (1ms)
			RebuildScriptCaches (35ms)
			SetupLoadedEditorAssemblies (252ms)
				LogAssemblyErrors (0ms)
				InitializePlatformSupportModulesInManaged (10ms)
				SetLoadedEditorAssemblies (1ms)
				RefreshPlugins (2ms)
				BeforeProcessingInitializeOnLoad (42ms)
				ProcessInitializeOnLoadAttributes (172ms)
				ProcessInitializeOnLoadMethodAttributes (23ms)
				AfterProcessingInitializeOnLoad (3ms)
				EditorAssembliesLoaded (0ms)
			ExecutionOrderSort2 (0ms)
			AwakeInstancesAfterBackupRestoration (7ms)
Platform modules already initialized, skipping
Refreshing native plugins compatible for Editor in 3.06 ms, found 3 plugins.
Preloading 0 native plugins for Editor in 0.00 ms.
Unloading 3128 Unused Serialized files (Serialized files now loaded: 0)
Unloading 13 unused Assets / (24.5 KB). Loaded Objects now: 3622.
Memory consumption went from 122.1 MB to 122.1 MB.
Total: 3.167700 ms (FindLiveObjects: 0.348800 ms CreateObjectMapping: 0.070500 ms MarkObjects: 2.727600 ms  DeleteObjects: 0.019500 ms)

AssetImportParameters requested are different than current active one (requested -> active):
  custom:video-decoder-ogg-theora: a1e56fd34408186e4bbccfd4996cb3dc -> 
  custom:container-muxer-webm: aa71ff27fc2769a1b78a27578f13a17b -> 
  custom:container-demuxer-webm: 4f35f7cbe854078d1ac9338744f61a02 -> 
  custom:video-encoder-webm-vp8: eb34c28f22e8b96e1ab97ce403110664 -> 
  custom:audio-encoder-webm-vorbis: bf7c407c2cedff20999df2af8eb42d56 -> 
  custom:framework-win-MediaFoundation: 216162199b28c13a410421893ffa2e32 -> 
  custom:container-demuxer-ogg: 62fdf1f143b41e24485cea50d1cbac27 -> 
  custom:video-decoder-webm-vp8: 9c59270c3fd7afecdb556c50c9e8de78 -> 
  custom:audio-decoder-ogg-vorbis: bf7c407c2cedff20999df2af8eb42d56 -> 
Editor requested this worker to shutdown with reason: Scaling down because of idle timeout
AssetImportWorker is now disconnected from the server
Process exiting
Exiting without the bug reporter. Application will terminate with return code 0