Using pre-set license
Built from '2021.3/staging' branch; Version is '2021.3.1f1 (3b70a0754835) revision 3895456'; Using compiler version '192829333'; Build Type 'Release'
OS: 'Windows 11  (10.0.22616) 64bit Professional' Language: 'ru' Physical Memory: 16315 MB
BatchMode: 1, IsHumanControllingUs: 0, StartBugReporterOnCrash: 0, Is64bit: 1, IsPro: 1

COMMAND LINE ARGUMENTS:
D:\unity\2021.3.1f1\Editor\Unity.exe
-adb2
-batchMode
-noUpm
-name
AssetImportWorker0
-projectPath
D:/unity/New Unity Project
-logFile
Logs/AssetImportWorker0.log
-srvPort
64774
Successfully changed project path to: D:/unity/New Unity Project
D:/unity/New Unity Project
[UnityMemory] Configuration Parameters - Can be set up in boot.config
    "memorysetup-bucket-allocator-granularity=16"
    "memorysetup-bucket-allocator-bucket-count=8"
    "memorysetup-bucket-allocator-block-size=33554432"
    "memorysetup-bucket-allocator-block-count=8"
    "memorysetup-main-allocator-block-size=16777216"
    "memorysetup-thread-allocator-block-size=16777216"
    "memorysetup-gfx-main-allocator-block-size=16777216"
    "memorysetup-gfx-thread-allocator-block-size=16777216"
    "memorysetup-cache-allocator-block-size=4194304"
    "memorysetup-typetree-allocator-block-size=2097152"
    "memorysetup-profiler-bucket-allocator-granularity=16"
    "memorysetup-profiler-bucket-allocator-bucket-count=8"
    "memorysetup-profiler-bucket-allocator-block-size=33554432"
    "memorysetup-profiler-bucket-allocator-block-count=8"
    "memorysetup-profiler-allocator-block-size=16777216"
    "memorysetup-profiler-editor-allocator-block-size=1048576"
    "memorysetup-temp-allocator-size-main=16777216"
    "memorysetup-job-temp-allocator-block-size=2097152"
    "memorysetup-job-temp-allocator-block-size-background=1048576"
    "memorysetup-job-temp-allocator-reduction-small-platforms=262144"
    "memorysetup-temp-allocator-size-background-worker=32768"
    "memorysetup-temp-allocator-size-job-worker=262144"
    "memorysetup-temp-allocator-size-preload-manager=33554432"
    "memorysetup-temp-allocator-size-nav-mesh-worker=65536"
    "memorysetup-temp-allocator-size-audio-worker=65536"
    "memorysetup-temp-allocator-size-cloud-worker=32768"
    "memorysetup-temp-allocator-size-gi-baking-worker=262144"
    "memorysetup-temp-allocator-size-gfx=262144"
Refreshing native plugins compatible for Editor in 109.83 ms, found 3 plugins.
Preloading 0 native plugins for Editor in 0.00 ms.
Initialize engine version: 2021.3.1f1 (3b70a0754835)
[Subsystems] Discovering subsystems at path D:/unity/2021.3.1f1/Editor/Data/Resources/UnitySubsystems
[Subsystems] Discovering subsystems at path D:/unity/New Unity Project/Assets
GfxDevice: creating device client; threaded=0; jobified=0
Direct3D:
    Version:  Direct3D 11.0 [level 11.1]
    Renderer: NVIDIA GeForce RTX 2060 (ID=0x1e89)
    Vendor:   NVIDIA
    VRAM:     5968 MB
    Driver:   30.0.15.1220
Initialize mono
Mono path[0] = 'D:/unity/2021.3.1f1/Editor/Data/Managed'
Mono path[1] = 'D:/unity/2021.3.1f1/Editor/Data/MonoBleedingEdge/lib/mono/unityjit-win32'
Mono config path = 'D:/unity/2021.3.1f1/Editor/Data/MonoBleedingEdge/etc'
Using monoOptions --debugger-agent=transport=dt_socket,embedding=1,server=y,suspend=n,address=127.0.0.1:56968
Begin MonoManager ReloadAssembly
Registering precompiled unity dll's ...
Register platform support module: D:/unity/2021.3.1f1/Editor/Data/PlaybackEngines/WebGLSupport/UnityEditor.WebGL.Extensions.dll
Register platform support module: D:/unity/2021.3.1f1/Editor/Data/PlaybackEngines/WindowsStandaloneSupport/UnityEditor.WindowsStandalone.Extensions.dll
Registered in 0.001768 seconds.
Native extension for WindowsStandalone target not found
Native extension for WebGL target not found
Refreshing native plugins compatible for Editor in 112.79 ms, found 3 plugins.
Preloading 0 native plugins for Editor in 0.00 ms.
Mono: successfully reloaded assembly
- Completed reload, in  0.610 seconds
Domain Reload Profiling:
	ReloadAssembly (611ms)
		BeginReloadAssembly (58ms)
			ExecutionOrderSort (0ms)
			DisableScriptedObjects (0ms)
			BackupInstance (0ms)
			ReleaseScriptingObjects (0ms)
			CreateAndSetChildDomain (1ms)
		EndReloadAssembly (449ms)
			LoadAssemblies (57ms)
			RebuildTransferFunctionScriptingTraits (0ms)
			SetupTypeCache (102ms)
			ReleaseScriptCaches (0ms)
			RebuildScriptCaches (24ms)
			SetupLoadedEditorAssemblies (280ms)
				LogAssemblyErrors (0ms)
				InitializePlatformSupportModulesInManaged (6ms)
				SetLoadedEditorAssemblies (0ms)
				RefreshPlugins (113ms)
				BeforeProcessingInitializeOnLoad (1ms)
				ProcessInitializeOnLoadAttributes (111ms)
				ProcessInitializeOnLoadMethodAttributes (48ms)
				AfterProcessingInitializeOnLoad (0ms)
				EditorAssembliesLoaded (0ms)
			ExecutionOrderSort2 (0ms)
			AwakeInstancesAfterBackupRestoration (0ms)
Platform modules already initialized, skipping
Registering precompiled user dll's ...
Registered in 0.002511 seconds.
Begin MonoManager ReloadAssembly
Symbol file LoadedFromMemory doesn't match image D:\unity\New Unity Project\Library\PackageCache\com.unity.visualscripting@1.7.6\Editor\VisualScripting.Core\Dependencies\YamlDotNet\Unity.VisualScripting.YamlDotNet.dll
Symbol file LoadedFromMemory is not a mono symbol file
Symbol file LoadedFromMemory doesn't match image D:\unity\New Unity Project\Library\PackageCache\com.unity.visualscripting@1.7.6\Editor\VisualScripting.Core\Dependencies\DotNetZip\Unity.VisualScripting.IonicZip.dll
Native extension for WindowsStandalone target not found
Native extension for WebGL target not found
Refreshing native plugins compatible for Editor in 1.09 ms, found 3 plugins.
Preloading 0 native plugins for Editor in 0.00 ms.
Mono: successfully reloaded assembly
- Completed reload, in  0.842 seconds
Domain Reload Profiling:
	ReloadAssembly (843ms)
		BeginReloadAssembly (99ms)
			ExecutionOrderSort (0ms)
			DisableScriptedObjects (5ms)
			BackupInstance (0ms)
			ReleaseScriptingObjects (0ms)
			CreateAndSetChildDomain (18ms)
		EndReloadAssembly (633ms)
			LoadAssemblies (78ms)
			RebuildTransferFunctionScriptingTraits (0ms)
			SetupTypeCache (188ms)
			ReleaseScriptCaches (1ms)
			RebuildScriptCaches (43ms)
			SetupLoadedEditorAssemblies (292ms)
				LogAssemblyErrors (0ms)
				InitializePlatformSupportModulesInManaged (5ms)
				SetLoadedEditorAssemblies (0ms)
				RefreshPlugins (1ms)
				BeforeProcessingInitializeOnLoad (69ms)
				ProcessInitializeOnLoadAttributes (195ms)
				ProcessInitializeOnLoadMethodAttributes (19ms)
				AfterProcessingInitializeOnLoad (2ms)
				EditorAssembliesLoaded (0ms)
			ExecutionOrderSort2 (0ms)
			AwakeInstancesAfterBackupRestoration (5ms)
Platform modules already initialized, skipping
========================================================================
Worker process is ready to serve import requests
Launched and connected shader compiler UnityShaderCompiler.exe after 0.06 seconds
Refreshing native plugins compatible for Editor in 1.19 ms, found 3 plugins.
Preloading 0 native plugins for Editor in 0.00 ms.
Unloading 3138 Unused Serialized files (Serialized files now loaded: 0)
Unloading 20 unused Assets / (48.3 KB). Loaded Objects now: 3608.
Memory consumption went from 118.2 MB to 118.2 MB.
Total: 2.823700 ms (FindLiveObjects: 0.355800 ms CreateObjectMapping: 0.087400 ms MarkObjects: 2.304300 ms  DeleteObjects: 0.074800 ms)

AssetImportParameters requested are different than current active one (requested -> active):
  custom:video-decoder-ogg-theora: a1e56fd34408186e4bbccfd4996cb3dc -> 
  custom:container-muxer-webm: aa71ff27fc2769a1b78a27578f13a17b -> 
  custom:container-demuxer-webm: 4f35f7cbe854078d1ac9338744f61a02 -> 
  custom:video-encoder-webm-vp8: eb34c28f22e8b96e1ab97ce403110664 -> 
  custom:audio-encoder-webm-vorbis: bf7c407c2cedff20999df2af8eb42d56 -> 
  custom:framework-win-MediaFoundation: 216162199b28c13a410421893ffa2e32 -> 
  custom:container-demuxer-ogg: 62fdf1f143b41e24485cea50d1cbac27 -> 
  custom:video-decoder-webm-vp8: 9c59270c3fd7afecdb556c50c9e8de78 -> 
  custom:audio-decoder-ogg-vorbis: bf7c407c2cedff20999df2af8eb42d56 -> 
========================================================================
Received Import Request.
  Time since last request: 124535.551792 seconds.
  path: Assets/PolygonApocalypse/Prefabs/FX/Prefabbed/FX_Fire_03.prefab
  artifactKey: Guid(4dd3be8a40143bb4d927449d49b00137) Importer(815301076,1909f56bfc062723c751e8b465ee728b)
Start importing Assets/PolygonApocalypse/Prefabs/FX/Prefabbed/FX_Fire_03.prefab using Guid(4dd3be8a40143bb4d927449d49b00137) Importer(815301076,1909f56bfc062723c751e8b465ee728b)  -> (artifact id: '156eadda48808b55ba54aeb6efd1173b') in 0.112363 seconds 
========================================================================
Received Import Request.
  Time since last request: 0.000022 seconds.
  path: Assets/PolygonApocalypse/Prefabs/FX/Prefabbed/FX_Nuke_Light_01.prefab
  artifactKey: Guid(7e0b2df155a23a74094506b8e45cfe7f) Importer(815301076,1909f56bfc062723c751e8b465ee728b)
Start importing Assets/PolygonApocalypse/Prefabs/FX/Prefabbed/FX_Nuke_Light_01.prefab using Guid(7e0b2df155a23a74094506b8e45cfe7f) Importer(815301076,1909f56bfc062723c751e8b465ee728b)  -> (artifact id: 'b30f289bea37c485f9500e92df0b2a35') in 1.175541 seconds 
========================================================================
Received Import Request.
  Time since last request: 0.000020 seconds.
  path: Assets/PolygonApocalypse/Prefabs/FX/Prefabbed/FX_RadioActive_Flat_01.prefab
  artifactKey: Guid(c918841e2a4e63944b5ae2e01a812d0b) Importer(815301076,1909f56bfc062723c751e8b465ee728b)
Start importing Assets/PolygonApocalypse/Prefabs/FX/Prefabbed/FX_RadioActive_Flat_01.prefab using Guid(c918841e2a4e63944b5ae2e01a812d0b) Importer(815301076,1909f56bfc062723c751e8b465ee728b)  -> (artifact id: '3095ccea425a1149978f47129c0bd904') in 0.060880 seconds 
========================================================================
Received Prepare
Registering precompiled user dll's ...
Registered in 0.003334 seconds.
Begin MonoManager ReloadAssembly
Symbol file LoadedFromMemory doesn't match image D:\unity\New Unity Project\Library\PackageCache\com.unity.visualscripting@1.7.6\Editor\VisualScripting.Core\Dependencies\YamlDotNet\Unity.VisualScripting.YamlDotNet.dll
Symbol file LoadedFromMemory is not a mono symbol file
Symbol file LoadedFromMemory doesn't match image D:\unity\New Unity Project\Library\PackageCache\com.unity.visualscripting@1.7.6\Editor\VisualScripting.Core\Dependencies\DotNetZip\Unity.VisualScripting.IonicZip.dll
Native extension for WindowsStandalone target not found
Native extension for WebGL target not found
Refreshing native plugins compatible for Editor in 2.03 ms, found 3 plugins.
Preloading 0 native plugins for Editor in 0.00 ms.
Mono: successfully reloaded assembly
- Completed reload, in  0.853 seconds
Domain Reload Profiling:
	ReloadAssembly (853ms)
		BeginReloadAssembly (113ms)
			ExecutionOrderSort (0ms)
			DisableScriptedObjects (4ms)
			BackupInstance (0ms)
			ReleaseScriptingObjects (0ms)
			CreateAndSetChildDomain (33ms)
		EndReloadAssembly (645ms)
			LoadAssemblies (78ms)
			RebuildTransferFunctionScriptingTraits (0ms)
			SetupTypeCache (209ms)
			ReleaseScriptCaches (1ms)
			RebuildScriptCaches (36ms)
			SetupLoadedEditorAssemblies (281ms)
				LogAssemblyErrors (0ms)
				InitializePlatformSupportModulesInManaged (12ms)
				SetLoadedEditorAssemblies (1ms)
				RefreshPlugins (2ms)
				BeforeProcessingInitializeOnLoad (53ms)
				ProcessInitializeOnLoadAttributes (187ms)
				ProcessInitializeOnLoadMethodAttributes (22ms)
				AfterProcessingInitializeOnLoad (3ms)
				EditorAssembliesLoaded (0ms)
			ExecutionOrderSort2 (0ms)
			AwakeInstancesAfterBackupRestoration (7ms)
Platform modules already initialized, skipping
Refreshing native plugins compatible for Editor in 2.79 ms, found 3 plugins.
Preloading 0 native plugins for Editor in 0.00 ms.
Unloading 3128 Unused Serialized files (Serialized files now loaded: 0)
Unloading 13 unused Assets / (24.6 KB). Loaded Objects now: 3617.
Memory consumption went from 121.9 MB to 121.8 MB.
Total: 2.672500 ms (FindLiveObjects: 0.279800 ms CreateObjectMapping: 0.078000 ms MarkObjects: 2.295500 ms  DeleteObjects: 0.018000 ms)

AssetImportParameters requested are different than current active one (requested -> active):
  custom:video-decoder-ogg-theora: a1e56fd34408186e4bbccfd4996cb3dc -> 
  custom:container-muxer-webm: aa71ff27fc2769a1b78a27578f13a17b -> 
  custom:container-demuxer-webm: 4f35f7cbe854078d1ac9338744f61a02 -> 
  custom:video-encoder-webm-vp8: eb34c28f22e8b96e1ab97ce403110664 -> 
  custom:audio-encoder-webm-vorbis: bf7c407c2cedff20999df2af8eb42d56 -> 
  custom:framework-win-MediaFoundation: 216162199b28c13a410421893ffa2e32 -> 
  custom:container-demuxer-ogg: 62fdf1f143b41e24485cea50d1cbac27 -> 
  custom:video-decoder-webm-vp8: 9c59270c3fd7afecdb556c50c9e8de78 -> 
  custom:audio-decoder-ogg-vorbis: bf7c407c2cedff20999df2af8eb42d56 -> 
========================================================================
Received Prepare
Registering precompiled user dll's ...
Registered in 0.002338 seconds.
Begin MonoManager ReloadAssembly
Symbol file LoadedFromMemory doesn't match image D:\unity\New Unity Project\Library\PackageCache\com.unity.visualscripting@1.7.6\Editor\VisualScripting.Core\Dependencies\YamlDotNet\Unity.VisualScripting.YamlDotNet.dll
Symbol file LoadedFromMemory is not a mono symbol file
Symbol file LoadedFromMemory doesn't match image D:\unity\New Unity Project\Library\PackageCache\com.unity.visualscripting@1.7.6\Editor\VisualScripting.Core\Dependencies\DotNetZip\Unity.VisualScripting.IonicZip.dll
Native extension for WindowsStandalone target not found
Native extension for WebGL target not found
Refreshing native plugins compatible for Editor in 1.31 ms, found 3 plugins.
Preloading 0 native plugins for Editor in 0.00 ms.
Mono: successfully reloaded assembly
- Completed reload, in  0.826 seconds
Domain Reload Profiling:
	ReloadAssembly (826ms)
		BeginReloadAssembly (98ms)
			ExecutionOrderSort (0ms)
			DisableScriptedObjects (5ms)
			BackupInstance (0ms)
			ReleaseScriptingObjects (0ms)
			CreateAndSetChildDomain (25ms)
		EndReloadAssembly (641ms)
			LoadAssemblies (67ms)
			RebuildTransferFunctionScriptingTraits (0ms)
			SetupTypeCache (186ms)
			ReleaseScriptCaches (1ms)
			RebuildScriptCaches (44ms)
			SetupLoadedEditorAssemblies (294ms)
				LogAssemblyErrors (0ms)
				InitializePlatformSupportModulesInManaged (12ms)
				SetLoadedEditorAssemblies (0ms)
				RefreshPlugins (1ms)
				BeforeProcessingInitializeOnLoad (52ms)
				ProcessInitializeOnLoadAttributes (200ms)
				ProcessInitializeOnLoadMethodAttributes (25ms)
				AfterProcessingInitializeOnLoad (3ms)
				EditorAssembliesLoaded (0ms)
			ExecutionOrderSort2 (0ms)
			AwakeInstancesAfterBackupRestoration (7ms)
Platform modules already initialized, skipping
Refreshing native plugins compatible for Editor in 2.28 ms, found 3 plugins.
Preloading 0 native plugins for Editor in 0.00 ms.
Unloading 3128 Unused Serialized files (Serialized files now loaded: 0)
Unloading 13 unused Assets / (24.6 KB). Loaded Objects now: 3620.
Memory consumption went from 121.9 MB to 121.9 MB.
Total: 3.045000 ms (FindLiveObjects: 0.314900 ms CreateObjectMapping: 0.098800 ms MarkObjects: 2.607700 ms  DeleteObjects: 0.022500 ms)

AssetImportParameters requested are different than current active one (requested -> active):
  custom:video-decoder-ogg-theora: a1e56fd34408186e4bbccfd4996cb3dc -> 
  custom:container-muxer-webm: aa71ff27fc2769a1b78a27578f13a17b -> 
  custom:container-demuxer-webm: 4f35f7cbe854078d1ac9338744f61a02 -> 
  custom:video-encoder-webm-vp8: eb34c28f22e8b96e1ab97ce403110664 -> 
  custom:audio-encoder-webm-vorbis: bf7c407c2cedff20999df2af8eb42d56 -> 
  custom:framework-win-MediaFoundation: 216162199b28c13a410421893ffa2e32 -> 
  custom:container-demuxer-ogg: 62fdf1f143b41e24485cea50d1cbac27 -> 
  custom:video-decoder-webm-vp8: 9c59270c3fd7afecdb556c50c9e8de78 -> 
  custom:audio-decoder-ogg-vorbis: bf7c407c2cedff20999df2af8eb42d56 -> 
========================================================================
Received Import Request.
  Time since last request: 188.442689 seconds.
  path: Assets/PolygonBattleRoyale/Models/Characters/Materials/PolygonMilitary_Texture_01_B.mat
  artifactKey: Guid(affd3da7e6ba2ff44a050ecb50d40fa7) Importer(815301076,1909f56bfc062723c751e8b465ee728b)
Start importing Assets/PolygonBattleRoyale/Models/Characters/Materials/PolygonMilitary_Texture_01_B.mat using Guid(affd3da7e6ba2ff44a050ecb50d40fa7) Importer(815301076,1909f56bfc062723c751e8b465ee728b)  -> (artifact id: '78b679dd774ea89376dc138e06e7fb9c') in 0.083978 seconds 
========================================================================
Received Import Request.
  Time since last request: 0.000018 seconds.
  path: Assets/PolygonApocalypse/Models/SM_Bld_Bunker_Ceiling_Vent_01.fbx
  artifactKey: Guid(9c2d952b613c45941a5f0f7dad49839d) Importer(815301076,1909f56bfc062723c751e8b465ee728b)
Start importing Assets/PolygonApocalypse/Models/SM_Bld_Bunker_Ceiling_Vent_01.fbx using Guid(9c2d952b613c45941a5f0f7dad49839d) Importer(815301076,1909f56bfc062723c751e8b465ee728b)  -> (artifact id: '7fd299e5fa19d44f94d5c1f935f74208') in 0.083441 seconds 
========================================================================
Received Import Request.
  Time since last request: 0.000022 seconds.
  path: Assets/PolygonApocalypse/Models/SM_Bld_Bunker_Ceiling_Concrete_02.fbx
  artifactKey: Guid(56fc5076e9b6f94479aec7ce70346106) Importer(815301076,1909f56bfc062723c751e8b465ee728b)
Start importing Assets/PolygonApocalypse/Models/SM_Bld_Bunker_Ceiling_Concrete_02.fbx using Guid(56fc5076e9b6f94479aec7ce70346106) Importer(815301076,1909f56bfc062723c751e8b465ee728b)  -> (artifact id: 'bfce1784bdc6c6999471498129c5a875') in 0.056670 seconds 
========================================================================
Received Import Request.
  Time since last request: 0.000018 seconds.
  path: Assets/PolygonApocalypse/Models/SM_Bld_Bunker_Ceiling_Corrugated_01.fbx
  artifactKey: Guid(70a1b4cfb62f78740b0d9ceb6d67e317) Importer(815301076,1909f56bfc062723c751e8b465ee728b)
Start importing Assets/PolygonApocalypse/Models/SM_Bld_Bunker_Ceiling_Corrugated_01.fbx using Guid(70a1b4cfb62f78740b0d9ceb6d67e317) Importer(815301076,1909f56bfc062723c751e8b465ee728b)  -> (artifact id: '60c2b09ad2a1ee709daacadf7edd9800') in 0.027624 seconds 
========================================================================
Received Import Request.
  Time since last request: 0.000023 seconds.
  path: Assets/PolygonBattleRoyale/Models/Characters/Materials/PolygonMilitary_Texture_01_D.mat
  artifactKey: Guid(066652f570d001b40aed048d4759fcc7) Importer(815301076,1909f56bfc062723c751e8b465ee728b)
Start importing Assets/PolygonBattleRoyale/Models/Characters/Materials/PolygonMilitary_Texture_01_D.mat using Guid(066652f570d001b40aed048d4759fcc7) Importer(815301076,1909f56bfc062723c751e8b465ee728b)  -> (artifact id: '9a035bfbb6310e64f290bd2560789c8d') in 0.013494 seconds 
========================================================================
Received Import Request.
  Time since last request: 0.202318 seconds.
  path: Assets/PolygonHeist/Model/Collisions/SM_Env_Ceiling_Light_03_Convex 1.asset
  artifactKey: Guid(6e32548317bffe2409eeb8d4ec36d0f0) Importer(815301076,1909f56bfc062723c751e8b465ee728b)
Start importing Assets/PolygonHeist/Model/Collisions/SM_Env_Ceiling_Light_03_Convex 1.asset using Guid(6e32548317bffe2409eeb8d4ec36d0f0) Importer(815301076,1909f56bfc062723c751e8b465ee728b)  -> (artifact id: '787b9d84a8251319a40487a85fbdae6d') in 0.023526 seconds 
========================================================================
Received Import Request.
  Time since last request: 0.000032 seconds.
  path: Assets/PolygonApocalypse/Prefabs/Item/SM_Item_Lighter_Flip_01.prefab
  artifactKey: Guid(6fd2b0703ed84aa449990e7cb02cc1c9) Importer(815301076,1909f56bfc062723c751e8b465ee728b)
Start importing Assets/PolygonApocalypse/Prefabs/Item/SM_Item_Lighter_Flip_01.prefab using Guid(6fd2b0703ed84aa449990e7cb02cc1c9) Importer(815301076,1909f56bfc062723c751e8b465ee728b)  -> (artifact id: '53230075121b7cf2c19d988e88e3a556') in 0.138199 seconds 
========================================================================
Received Import Request.
  Time since last request: 0.000065 seconds.
  path: Assets/PolygonHeist/Model/Collisions/SM_Env_Ceiling_Light_03_Convex 2.asset
  artifactKey: Guid(3fba44b44c1e53c4b95d14768cff72c3) Importer(815301076,1909f56bfc062723c751e8b465ee728b)
Start importing Assets/PolygonHeist/Model/Collisions/SM_Env_Ceiling_Light_03_Convex 2.asset using Guid(3fba44b44c1e53c4b95d14768cff72c3) Importer(815301076,1909f56bfc062723c751e8b465ee728b)  -> (artifact id: '77ea3923095968dc4219d69940bb684c') in 0.018060 seconds 
========================================================================
Received Import Request.
  Time since last request: 0.000018 seconds.
  path: Assets/PolygonApocalypse/Models/SM_Prop_Flashlight_02.fbx
  artifactKey: Guid(12c001641239e1b47b4bd86fdf2060a7) Importer(815301076,1909f56bfc062723c751e8b465ee728b)
Start importing Assets/PolygonApocalypse/Models/SM_Prop_Flashlight_02.fbx using Guid(12c001641239e1b47b4bd86fdf2060a7) Importer(815301076,1909f56bfc062723c751e8b465ee728b)  -> (artifact id: '97d3a694c7f61c065c957a19020c7538') in 0.034984 seconds 
========================================================================
Received Import Request.
  Time since last request: 0.000032 seconds.
  path: Assets/PolygonGangWarfare/Models/SM_LightRayCube.fbx
  artifactKey: Guid(0f97ae03d14ad444491c15766f813fcb) Importer(815301076,1909f56bfc062723c751e8b465ee728b)
Start importing Assets/PolygonGangWarfare/Models/SM_LightRayCube.fbx using Guid(0f97ae03d14ad444491c15766f813fcb) Importer(815301076,1909f56bfc062723c751e8b465ee728b)  -> (artifact id: 'cb52821d048b6a470ec1e47b4e2ee79f') in 0.024151 seconds 
========================================================================
Received Import Request.
  Time since last request: 2.027038 seconds.
  path: Assets/PolygonApocalypse/Models/SM_Prop_Flashlight_04.fbx
  artifactKey: Guid(b04874d93d5fe5542b8c84151b88a8e9) Importer(815301076,1909f56bfc062723c751e8b465ee728b)
Start importing Assets/PolygonApocalypse/Models/SM_Prop_Flashlight_04.fbx using Guid(b04874d93d5fe5542b8c84151b88a8e9) Importer(815301076,1909f56bfc062723c751e8b465ee728b)  -> (artifact id: '6816bfb5c2ece1602e10e15d46f58586') in 0.046100 seconds 
========================================================================
Received Import Request.
  Time since last request: 0.000015 seconds.
  path: Assets/PolygonApocalypse/Models/SM_Prop_Floodlights_01.fbx
  artifactKey: Guid(e44939c0b0393f146a78ac1160576b54) Importer(815301076,1909f56bfc062723c751e8b465ee728b)
Start importing Assets/PolygonApocalypse/Models/SM_Prop_Floodlights_01.fbx using Guid(e44939c0b0393f146a78ac1160576b54) Importer(815301076,1909f56bfc062723c751e8b465ee728b)  -> (artifact id: 'a64d6e3f3248817a795129d774da61bf') in 0.026360 seconds 
========================================================================
Received Import Request.
  Time since last request: 0.000014 seconds.
  path: Assets/PolygonApocalypse/Models/SM_Prop_Floodlights_Sign_01.fbx
  artifactKey: Guid(d36dad9aea587234ab21cda2deea003f) Importer(815301076,1909f56bfc062723c751e8b465ee728b)
Start importing Assets/PolygonApocalypse/Models/SM_Prop_Floodlights_Sign_01.fbx using Guid(d36dad9aea587234ab21cda2deea003f) Importer(815301076,1909f56bfc062723c751e8b465ee728b)  -> (artifact id: '4dba22497d2156f6af31f1b34aa6307f') in 0.019953 seconds 
========================================================================
Received Import Request.
  Time since last request: 0.000019 seconds.
  path: Assets/PolygonApocalypse/Models/SM_Prop_Light_Flurecent_Broken_01.fbx
  artifactKey: Guid(4dfd6d7814c3e834a8e488357fa02436) Importer(815301076,1909f56bfc062723c751e8b465ee728b)
Start importing Assets/PolygonApocalypse/Models/SM_Prop_Light_Flurecent_Broken_01.fbx using Guid(4dfd6d7814c3e834a8e488357fa02436) Importer(815301076,1909f56bfc062723c751e8b465ee728b)  -> (artifact id: '1f3a9d02bb150f07cc7f6d1644019c1b') in 0.028198 seconds 
========================================================================
Received Import Request.
  Time since last request: 0.000020 seconds.
  path: Assets/PolygonApocalypse/Models/SM_Prop_Light_Flurecent_01.fbx
  artifactKey: Guid(9bfb40fa0ec7ca14b8c1b8946eb93e94) Importer(815301076,1909f56bfc062723c751e8b465ee728b)
Start importing Assets/PolygonApocalypse/Models/SM_Prop_Light_Flurecent_01.fbx using Guid(9bfb40fa0ec7ca14b8c1b8946eb93e94) Importer(815301076,1909f56bfc062723c751e8b465ee728b)  -> (artifact id: '0c0d46c2fb1cab8914338ae6798e48ec') in 0.021631 seconds 
========================================================================
Received Import Request.
  Time since last request: 0.073063 seconds.
  path: Assets/PolygonGangWarfare/Prefabs/Props/SM_Prop_Light_Generic_01.prefab
  artifactKey: Guid(871181034a9217649865c898195d0002) Importer(815301076,1909f56bfc062723c751e8b465ee728b)
Start importing Assets/PolygonGangWarfare/Prefabs/Props/SM_Prop_Light_Generic_01.prefab using Guid(871181034a9217649865c898195d0002) Importer(815301076,1909f56bfc062723c751e8b465ee728b)  -> (artifact id: 'de140df36d3afee0b14756ba7c96dfce') in 0.039151 seconds 
========================================================================
Received Import Request.
  Time since last request: 0.000019 seconds.
  path: Assets/PolygonGangWarfare/Models/SM_Prop_Light_Pole_01.fbx
  artifactKey: Guid(ea330ee56fbcd144d87f8c454061f772) Importer(815301076,1909f56bfc062723c751e8b465ee728b)
Start importing Assets/PolygonGangWarfare/Models/SM_Prop_Light_Pole_01.fbx using Guid(ea330ee56fbcd144d87f8c454061f772) Importer(815301076,1909f56bfc062723c751e8b465ee728b)  -> (artifact id: 'd3894624da0c7c11dc16bebcd4aaf4ec') in 0.011981 seconds 
========================================================================
Received Import Request.
  Time since last request: 0.000016 seconds.
  path: Assets/PolygonApocalypse/Models/SM_Prop_Light_Industrial_Ceiling_01.fbx
  artifactKey: Guid(4ee95bd4f7708c640ae6ac1fd458da33) Importer(815301076,1909f56bfc062723c751e8b465ee728b)
Start importing Assets/PolygonApocalypse/Models/SM_Prop_Light_Industrial_Ceiling_01.fbx using Guid(4ee95bd4f7708c640ae6ac1fd458da33) Importer(815301076,1909f56bfc062723c751e8b465ee728b)  -> (artifact id: '14aef3ddbd34f3185e1a06f54334c782') in 0.105321 seconds 
========================================================================
Received Import Request.
  Time since last request: 0.000020 seconds.
  path: Assets/PolygonGangWarfare/Prefabs/Props/SM_Prop_Light_Wall_01.prefab
  artifactKey: Guid(7f993aad93c12ea4a997959bbf3099be) Importer(815301076,1909f56bfc062723c751e8b465ee728b)
Start importing Assets/PolygonGangWarfare/Prefabs/Props/SM_Prop_Light_Wall_01.prefab using Guid(7f993aad93c12ea4a997959bbf3099be) Importer(815301076,1909f56bfc062723c751e8b465ee728b)  -> (artifact id: '91ea11a5dc086dbcbae0f3056e427ba9') in 0.009499 seconds 
========================================================================
Received Import Request.
  Time since last request: 0.000020 seconds.
  path: Assets/PolygonGangWarfare/Models/SM_Prop_Light_Wall_01.fbx
  artifactKey: Guid(4614adc0ec16ffd4184d38aa76cb0272) Importer(815301076,1909f56bfc062723c751e8b465ee728b)
Start importing Assets/PolygonGangWarfare/Models/SM_Prop_Light_Wall_01.fbx using Guid(4614adc0ec16ffd4184d38aa76cb0272) Importer(815301076,1909f56bfc062723c751e8b465ee728b)  -> (artifact id: '3e60b0724d48d1e7e3b3088a2cbe7c78') in 0.010198 seconds 
========================================================================
Received Import Request.
  Time since last request: 0.000014 seconds.
  path: Assets/PolygonGangWarfare/Models/SM_Prop_Lighter_01.fbx
  artifactKey: Guid(32a6531e8edbbb048b2a13781805ff04) Importer(815301076,1909f56bfc062723c751e8b465ee728b)
Start importing Assets/PolygonGangWarfare/Models/SM_Prop_Lighter_01.fbx using Guid(32a6531e8edbbb048b2a13781805ff04) Importer(815301076,1909f56bfc062723c751e8b465ee728b)  -> (artifact id: 'b5858f1ce916a9439a48cf262ed0ab14') in 0.009943 seconds 
========================================================================
Received Import Request.
  Time since last request: 0.000016 seconds.
  path: Assets/PolygonGangWarfare/Prefabs/Props/SM_Prop_Light_Portable_01.prefab
  artifactKey: Guid(799067640f582a34691053ab47997777) Importer(815301076,1909f56bfc062723c751e8b465ee728b)
Start importing Assets/PolygonGangWarfare/Prefabs/Props/SM_Prop_Light_Portable_01.prefab using Guid(799067640f582a34691053ab47997777) Importer(815301076,1909f56bfc062723c751e8b465ee728b)  -> (artifact id: 'b85c93dee7eed41457a6b0bc3378a08e') in 0.010605 seconds 
========================================================================
Received Import Request.
  Time since last request: 0.000018 seconds.
  path: Assets/PolygonApocalypse/Models/SM_Prop_LightPole_Base_02.fbx
  artifactKey: Guid(cc819e010f527034d993e9249549498d) Importer(815301076,1909f56bfc062723c751e8b465ee728b)
Start importing Assets/PolygonApocalypse/Models/SM_Prop_LightPole_Base_02.fbx using Guid(cc819e010f527034d993e9249549498d) Importer(815301076,1909f56bfc062723c751e8b465ee728b)  -> (artifact id: 'd720446b992ec540a062c6d4d9abe97c') in 0.220349 seconds 
========================================================================
Received Import Request.
  Time since last request: 0.000031 seconds.
  path: Assets/PolygonApocalypse/Models/SM_Prop_LightPole_01.fbx
  artifactKey: Guid(d39a9291136771742ab5b5282f837546) Importer(815301076,1909f56bfc062723c751e8b465ee728b)
Start importing Assets/PolygonApocalypse/Models/SM_Prop_LightPole_01.fbx using Guid(d39a9291136771742ab5b5282f837546) Importer(815301076,1909f56bfc062723c751e8b465ee728b)  -> (artifact id: '58e00523d2471effb60c88eadacd6552') in 0.189692 seconds 
========================================================================
Received Import Request.
  Time since last request: 0.052011 seconds.
  path: Assets/PolygonApocalypse/Models/SM_Prop_LightPole_Base_04.fbx
  artifactKey: Guid(dcebe5dc4450dd045ae34ed6555510a7) Importer(815301076,1909f56bfc062723c751e8b465ee728b)
Start importing Assets/PolygonApocalypse/Models/SM_Prop_LightPole_Base_04.fbx using Guid(dcebe5dc4450dd045ae34ed6555510a7) Importer(815301076,1909f56bfc062723c751e8b465ee728b)  -> (artifact id: '1e691da621867c3ba3b6c663feeaa12b') in 0.106337 seconds 
========================================================================
Received Import Request.
  Time since last request: 0.171661 seconds.
  path: Assets/PolygonApocalypse/Models/SM_Prop_TrafficLight_02.fbx
  artifactKey: Guid(5850e1406aba075468637cd64a7964fe) Importer(815301076,1909f56bfc062723c751e8b465ee728b)
Start importing Assets/PolygonApocalypse/Models/SM_Prop_TrafficLight_02.fbx using Guid(5850e1406aba075468637cd64a7964fe) Importer(815301076,1909f56bfc062723c751e8b465ee728b)  -> (artifact id: 'f0984a2a057aae8509620515a9a601c7') in 0.169148 seconds 
========================================================================
Received Import Request.
  Time since last request: 0.000016 seconds.
  path: Assets/PolygonGangWarfare/Prefabs/Props/SM_Prop_Warehouse_Light_02.prefab
  artifactKey: Guid(3477e69049e82ff4888bed405439d34b) Importer(815301076,1909f56bfc062723c751e8b465ee728b)
Start importing Assets/PolygonGangWarfare/Prefabs/Props/SM_Prop_Warehouse_Light_02.prefab using Guid(3477e69049e82ff4888bed405439d34b) Importer(815301076,1909f56bfc062723c751e8b465ee728b)  -> (artifact id: '6e7d9c4f0f5144da18b9be550bdb6b37') in 0.258117 seconds 
========================================================================
Received Import Request.
  Time since last request: 0.000028 seconds.
  path: Assets/PolygonGangWarfare/Prefabs/Props/SM_Prop_Warehouse_Light_03.prefab
  artifactKey: Guid(5a1637620af12254799eaea9cb89625d) Importer(815301076,1909f56bfc062723c751e8b465ee728b)
Start importing Assets/PolygonGangWarfare/Prefabs/Props/SM_Prop_Warehouse_Light_03.prefab using Guid(5a1637620af12254799eaea9cb89625d) Importer(815301076,1909f56bfc062723c751e8b465ee728b)  -> (artifact id: '8c04157c40b666df674dde675ae127cc') in 0.010460 seconds 
========================================================================
Received Import Request.
  Time since last request: 0.002188 seconds.
  path: Assets/PolygonGangWarfare/Models/SM_Prop_Warehouse_Light_04.fbx
  artifactKey: Guid(f724b2eb50b2d164e977ca299c7b76fd) Importer(815301076,1909f56bfc062723c751e8b465ee728b)
Start importing Assets/PolygonGangWarfare/Models/SM_Prop_Warehouse_Light_04.fbx using Guid(f724b2eb50b2d164e977ca299c7b76fd) Importer(815301076,1909f56bfc062723c751e8b465ee728b)  -> (artifact id: '249778517acde1e7acf1949370f6578a') in 0.011503 seconds 
========================================================================
Received Import Request.
  Time since last request: 0.030290 seconds.
  path: Assets/PolygonGangWarfare/Models/SM_Prop_Warehouse_WallLight_01.fbx
  artifactKey: Guid(87bded6403172cb4db3853209245d6e9) Importer(815301076,1909f56bfc062723c751e8b465ee728b)
Start importing Assets/PolygonGangWarfare/Models/SM_Prop_Warehouse_WallLight_01.fbx using Guid(87bded6403172cb4db3853209245d6e9) Importer(815301076,1909f56bfc062723c751e8b465ee728b)  -> (artifact id: '609f4fe2762faea000c63be789ea66a5') in 0.012315 seconds 
========================================================================
Received Import Request.
  Time since last request: 12.804880 seconds.
  path: Assets/PolygonApocalypse/Models/SM_Veh_Attach_Lights_02.fbx
  artifactKey: Guid(980f1885100c1ba4b9eed2e46367e5b2) Importer(815301076,1909f56bfc062723c751e8b465ee728b)
Start importing Assets/PolygonApocalypse/Models/SM_Veh_Attach_Lights_02.fbx using Guid(980f1885100c1ba4b9eed2e46367e5b2) Importer(815301076,1909f56bfc062723c751e8b465ee728b)  -> (artifact id: '4c4b38588a92004bf7fab50cd9833270') in 0.014826 seconds 
========================================================================
Received Import Request.
  Time since last request: 0.000025 seconds.
  path: Assets/PolygonApocalypse/Models/SM_Veh_Attach_Lights_04.fbx
  artifactKey: Guid(d67dfba5c7cef2845ad7ab9601f4a3cd) Importer(815301076,1909f56bfc062723c751e8b465ee728b)
Start importing Assets/PolygonApocalypse/Models/SM_Veh_Attach_Lights_04.fbx using Guid(d67dfba5c7cef2845ad7ab9601f4a3cd) Importer(815301076,1909f56bfc062723c751e8b465ee728b)  -> (artifact id: '41cdfc87d4de3f04117acc2e93c64b5c') in 0.013284 seconds 
========================================================================
Received Prepare
Registering precompiled user dll's ...
Registered in 0.002926 seconds.
Begin MonoManager ReloadAssembly
Symbol file LoadedFromMemory doesn't match image D:\unity\New Unity Project\Library\PackageCache\com.unity.visualscripting@1.7.6\Editor\VisualScripting.Core\Dependencies\YamlDotNet\Unity.VisualScripting.YamlDotNet.dll
Symbol file LoadedFromMemory is not a mono symbol file
Symbol file LoadedFromMemory doesn't match image D:\unity\New Unity Project\Library\PackageCache\com.unity.visualscripting@1.7.6\Editor\VisualScripting.Core\Dependencies\DotNetZip\Unity.VisualScripting.IonicZip.dll
Native extension for WindowsStandalone target not found
Native extension for WebGL target not found
Refreshing native plugins compatible for Editor in 1.07 ms, found 3 plugins.
Preloading 0 native plugins for Editor in 0.00 ms.
Mono: successfully reloaded assembly
- Completed reload, in  0.810 seconds
Domain Reload Profiling:
	ReloadAssembly (811ms)
		BeginReloadAssembly (103ms)
			ExecutionOrderSort (0ms)
			DisableScriptedObjects (4ms)
			BackupInstance (0ms)
			ReleaseScriptingObjects (0ms)
			CreateAndSetChildDomain (27ms)
		EndReloadAssembly (615ms)
			LoadAssemblies (68ms)
			RebuildTransferFunctionScriptingTraits (0ms)
			SetupTypeCache (201ms)
			ReleaseScriptCaches (1ms)
			RebuildScriptCaches (36ms)
			SetupLoadedEditorAssemblies (266ms)
				LogAssemblyErrors (0ms)
				InitializePlatformSupportModulesInManaged (12ms)
				SetLoadedEditorAssemblies (0ms)
				RefreshPlugins (1ms)
				BeforeProcessingInitializeOnLoad (46ms)
				ProcessInitializeOnLoadAttributes (184ms)
				ProcessInitializeOnLoadMethodAttributes (20ms)
				AfterProcessingInitializeOnLoad (2ms)
				EditorAssembliesLoaded (0ms)
			ExecutionOrderSort2 (0ms)
			AwakeInstancesAfterBackupRestoration (7ms)
Platform modules already initialized, skipping
Refreshing native plugins compatible for Editor in 3.09 ms, found 3 plugins.
Preloading 0 native plugins for Editor in 0.00 ms.
Unloading 3128 Unused Serialized files (Serialized files now loaded: 0)
Unloading 13 unused Assets / (24.7 KB). Loaded Objects now: 3660.
Memory consumption went from 122.3 MB to 122.3 MB.
Total: 2.881800 ms (FindLiveObjects: 0.291600 ms CreateObjectMapping: 0.084700 ms MarkObjects: 2.491600 ms  DeleteObjects: 0.013100 ms)

AssetImportParameters requested are different than current active one (requested -> active):
  custom:video-decoder-ogg-theora: a1e56fd34408186e4bbccfd4996cb3dc -> 
  custom:container-muxer-webm: aa71ff27fc2769a1b78a27578f13a17b -> 
  custom:container-demuxer-webm: 4f35f7cbe854078d1ac9338744f61a02 -> 
  custom:video-encoder-webm-vp8: eb34c28f22e8b96e1ab97ce403110664 -> 
  custom:audio-encoder-webm-vorbis: bf7c407c2cedff20999df2af8eb42d56 -> 
  custom:framework-win-MediaFoundation: 216162199b28c13a410421893ffa2e32 -> 
  custom:container-demuxer-ogg: 62fdf1f143b41e24485cea50d1cbac27 -> 
  custom:video-decoder-webm-vp8: 9c59270c3fd7afecdb556c50c9e8de78 -> 
  custom:audio-decoder-ogg-vorbis: bf7c407c2cedff20999df2af8eb42d56 -> 
========================================================================
Received Import Request.
  Time since last request: 398.648016 seconds.
  path: Assets/PolygonGangWarfare/Prefabs/Props/SM_Prop_Lab_Tank_01.prefab
  artifactKey: Guid(c988f733a6aac9c4e894e1202f387466) Importer(815301076,1909f56bfc062723c751e8b465ee728b)
Start importing Assets/PolygonGangWarfare/Prefabs/Props/SM_Prop_Lab_Tank_01.prefab using Guid(c988f733a6aac9c4e894e1202f387466) Importer(815301076,1909f56bfc062723c751e8b465ee728b)  -> (artifact id: 'c9a2381bb0aaf5b4f7ab20ea068b1362') in 0.072502 seconds 
========================================================================
Received Import Request.
  Time since last request: 0.000017 seconds.
  path: Assets/PolygonGangWarfare/Prefabs/Props/SM_Prop_Lab_Tank_03.prefab
  artifactKey: Guid(36c8f1ff4dba2fc4ab36c50aaf004bdd) Importer(815301076,1909f56bfc062723c751e8b465ee728b)
Start importing Assets/PolygonGangWarfare/Prefabs/Props/SM_Prop_Lab_Tank_03.prefab using Guid(36c8f1ff4dba2fc4ab36c50aaf004bdd) Importer(815301076,1909f56bfc062723c751e8b465ee728b)  -> (artifact id: '8875eb7927ddd3655725eddfb9924a31') in 0.013836 seconds 
========================================================================
Received Import Request.
  Time since last request: 0.000022 seconds.
  path: Assets/PolygonGangWarfare/Prefabs/Props/SM_Prop_Ladder_03.prefab
  artifactKey: Guid(04037ffba6d55ed4b8ababa8a041fe82) Importer(815301076,1909f56bfc062723c751e8b465ee728b)
Start importing Assets/PolygonGangWarfare/Prefabs/Props/SM_Prop_Ladder_03.prefab using Guid(04037ffba6d55ed4b8ababa8a041fe82) Importer(815301076,1909f56bfc062723c751e8b465ee728b)  -> (artifact id: '2c63c9c770927dd2701c0bda57d113a5') in 0.013407 seconds 
========================================================================
Received Import Request.
  Time since last request: 0.006263 seconds.
  path: Assets/PolygonGangWarfare/Prefabs/Props/SM_Prop_MiniStove_01.prefab
  artifactKey: Guid(648319a311a552e4ca32f2e5a04b3530) Importer(815301076,1909f56bfc062723c751e8b465ee728b)
Start importing Assets/PolygonGangWarfare/Prefabs/Props/SM_Prop_MiniStove_01.prefab using Guid(648319a311a552e4ca32f2e5a04b3530) Importer(815301076,1909f56bfc062723c751e8b465ee728b)  -> (artifact id: '9ad781954b7006fafa575912a8c4716a') in 0.037603 seconds 
========================================================================
Received Import Request.
  Time since last request: 0.480628 seconds.
  path: Assets/PolygonGangWarfare/Prefabs/Props/SM_Prop_Money_Note_01.prefab
  artifactKey: Guid(495df793429eb6046b443da5792b767a) Importer(815301076,1909f56bfc062723c751e8b465ee728b)
Start importing Assets/PolygonGangWarfare/Prefabs/Props/SM_Prop_Money_Note_01.prefab using Guid(495df793429eb6046b443da5792b767a) Importer(815301076,1909f56bfc062723c751e8b465ee728b)  -> (artifact id: 'c66f813f45c8cd385da304c1852e83fa') in 0.013355 seconds 
========================================================================
Received Import Request.
  Time since last request: 0.000015 seconds.
  path: Assets/PolygonGangWarfare/Prefabs/Props/SM_Prop_Money_Note_03.prefab
  artifactKey: Guid(3d8bf62541189334291a8f5f1fd212e8) Importer(815301076,1909f56bfc062723c751e8b465ee728b)
Start importing Assets/PolygonGangWarfare/Prefabs/Props/SM_Prop_Money_Note_03.prefab using Guid(3d8bf62541189334291a8f5f1fd212e8) Importer(815301076,1909f56bfc062723c751e8b465ee728b)  -> (artifact id: '4bba6319bc8e76d0d9bfe06f176e82b8') in 0.015452 seconds 
========================================================================
Received Import Request.
  Time since last request: 0.000014 seconds.
  path: Assets/PolygonGangWarfare/Prefabs/Props/SM_Prop_Money_Roll_01.prefab
  artifactKey: Guid(f615fca95c39f3a4ba61d2c951c5dce7) Importer(815301076,1909f56bfc062723c751e8b465ee728b)
Start importing Assets/PolygonGangWarfare/Prefabs/Props/SM_Prop_Money_Roll_01.prefab using Guid(f615fca95c39f3a4ba61d2c951c5dce7) Importer(815301076,1909f56bfc062723c751e8b465ee728b)  -> (artifact id: '485ef1daae73ea17b0560d6e42ee89fa') in 0.032419 seconds 
========================================================================
Received Import Request.
  Time since last request: 0.000024 seconds.
  path: Assets/PolygonGangWarfare/Prefabs/Props/SM_Prop_Money_Spread_01.prefab
  artifactKey: Guid(e33f4ed125902d641b04fe264a4bc058) Importer(815301076,1909f56bfc062723c751e8b465ee728b)
Start importing Assets/PolygonGangWarfare/Prefabs/Props/SM_Prop_Money_Spread_01.prefab using Guid(e33f4ed125902d641b04fe264a4bc058) Importer(815301076,1909f56bfc062723c751e8b465ee728b)  -> (artifact id: '8686568c45c3613b3ba2288cfa5e4116') in 0.016768 seconds 
========================================================================
Received Import Request.
  Time since last request: 0.018896 seconds.
  path: Assets/PolygonGangWarfare/Prefabs/Props/SM_Prop_Money_Stack_02.prefab
  artifactKey: Guid(b137b62fa6e2389428747646ba7454f7) Importer(815301076,1909f56bfc062723c751e8b465ee728b)
Start importing Assets/PolygonGangWarfare/Prefabs/Props/SM_Prop_Money_Stack_02.prefab using Guid(b137b62fa6e2389428747646ba7454f7) Importer(815301076,1909f56bfc062723c751e8b465ee728b)  -> (artifact id: '957f8d01c8d7649df62affc17377bc34') in 0.017396 seconds 
========================================================================
Received Import Request.
  Time since last request: 0.000017 seconds.
  path: Assets/PolygonGangWarfare/Prefabs/Props/SM_Prop_Money_Stack_04.prefab
  artifactKey: Guid(eaa76fbc8ed8d2e4586478b424707b11) Importer(815301076,1909f56bfc062723c751e8b465ee728b)
Start importing Assets/PolygonGangWarfare/Prefabs/Props/SM_Prop_Money_Stack_04.prefab using Guid(eaa76fbc8ed8d2e4586478b424707b11) Importer(815301076,1909f56bfc062723c751e8b465ee728b)  -> (artifact id: 'b655913b9807aa0aa655877e0611ccde') in 0.012581 seconds 
========================================================================
Received Import Request.
  Time since last request: 0.001672 seconds.
  path: Assets/PolygonGangWarfare/Prefabs/Props/SM_Prop_Money_Stack_Clean_02.prefab
  artifactKey: Guid(325e9f262b4cb4b409d82abdc035891c) Importer(815301076,1909f56bfc062723c751e8b465ee728b)
Start importing Assets/PolygonGangWarfare/Prefabs/Props/SM_Prop_Money_Stack_Clean_02.prefab using Guid(325e9f262b4cb4b409d82abdc035891c) Importer(815301076,1909f56bfc062723c751e8b465ee728b)  -> (artifact id: 'e91f2ab1c5509559a098e7d2311cf6b2') in 0.034976 seconds 
========================================================================
Received Import Request.
  Time since last request: 0.000016 seconds.
  path: Assets/PolygonGangWarfare/Prefabs/Props/SM_Prop_Money_Strapped_02.prefab
  artifactKey: Guid(df58c5bc1afc29f47b40fa17ce57224f) Importer(815301076,1909f56bfc062723c751e8b465ee728b)
Start importing Assets/PolygonGangWarfare/Prefabs/Props/SM_Prop_Money_Strapped_02.prefab using Guid(df58c5bc1afc29f47b40fa17ce57224f) Importer(815301076,1909f56bfc062723c751e8b465ee728b)  -> (artifact id: '09c5e1539619b46efc702820cdf33d65') in 0.009453 seconds 
========================================================================
Received Import Request.
  Time since last request: 0.000014 seconds.
  path: Assets/PolygonGangWarfare/Prefabs/Props/SM_Prop_Money_Strapped_04.prefab
  artifactKey: Guid(0a9e61589c7f0964e9461400da3ae5ee) Importer(815301076,1909f56bfc062723c751e8b465ee728b)
Start importing Assets/PolygonGangWarfare/Prefabs/Props/SM_Prop_Money_Strapped_04.prefab using Guid(0a9e61589c7f0964e9461400da3ae5ee) Importer(815301076,1909f56bfc062723c751e8b465ee728b)  -> (artifact id: 'cd6f31cb20681d8b42c0a01bfbd166f5') in 0.013074 seconds 
========================================================================
Received Import Request.
  Time since last request: 0.008111 seconds.
  path: Assets/PolygonGangWarfare/Prefabs/Props/SM_Prop_Money_Strapped_06.prefab
  artifactKey: Guid(e35143da39798854d8092079f7b1ebb8) Importer(815301076,1909f56bfc062723c751e8b465ee728b)
Start importing Assets/PolygonGangWarfare/Prefabs/Props/SM_Prop_Money_Strapped_06.prefab using Guid(e35143da39798854d8092079f7b1ebb8) Importer(815301076,1909f56bfc062723c751e8b465ee728b)  -> (artifact id: '9f9dd5423c5a29389243683aeb359272') in 0.014110 seconds 
========================================================================
Received Import Request.
  Time since last request: 0.001119 seconds.
  path: Assets/PolygonGangWarfare/Prefabs/Props/SM_Prop_Office_Desk_01.prefab
  artifactKey: Guid(2412a868f93b96940ae42177a0ffba1b) Importer(815301076,1909f56bfc062723c751e8b465ee728b)
Start importing Assets/PolygonGangWarfare/Prefabs/Props/SM_Prop_Office_Desk_01.prefab using Guid(2412a868f93b96940ae42177a0ffba1b) Importer(815301076,1909f56bfc062723c751e8b465ee728b)  -> (artifact id: 'aed224cda5866dc1068181a7de858d6e') in 0.021586 seconds 
========================================================================
Received Import Request.
  Time since last request: 0.003376 seconds.
  path: Assets/PolygonGangWarfare/Prefabs/Props/SM_Prop_Office_Shelf_01.prefab
  artifactKey: Guid(dc459b1942d7c244faa12c6dae7e6a61) Importer(815301076,1909f56bfc062723c751e8b465ee728b)
Start importing Assets/PolygonGangWarfare/Prefabs/Props/SM_Prop_Office_Shelf_01.prefab using Guid(dc459b1942d7c244faa12c6dae7e6a61) Importer(815301076,1909f56bfc062723c751e8b465ee728b)  -> (artifact id: '92745ee880e5c32639a335a62057d7af') in 0.021274 seconds 
========================================================================
Received Import Request.
  Time since last request: 0.000301 seconds.
  path: Assets/PolygonGangWarfare/Prefabs/Props/SM_Prop_OfficeChair_01.prefab
  artifactKey: Guid(61f11e0d8b419f143bc2e4f21238df2a) Importer(815301076,1909f56bfc062723c751e8b465ee728b)
Start importing Assets/PolygonGangWarfare/Prefabs/Props/SM_Prop_OfficeChair_01.prefab using Guid(61f11e0d8b419f143bc2e4f21238df2a) Importer(815301076,1909f56bfc062723c751e8b465ee728b)  -> (artifact id: '178e6316efb485a02137ff1d1d3bd3d1') in 0.012922 seconds 
========================================================================
Received Import Request.
  Time since last request: 0.001356 seconds.
  path: Assets/PolygonGangWarfare/Prefabs/Props/SM_Prop_Packet_01.prefab
  artifactKey: Guid(eead2d579e1c0344da357261d944718c) Importer(815301076,1909f56bfc062723c751e8b465ee728b)
Start importing Assets/PolygonGangWarfare/Prefabs/Props/SM_Prop_Packet_01.prefab using Guid(eead2d579e1c0344da357261d944718c) Importer(815301076,1909f56bfc062723c751e8b465ee728b)  -> (artifact id: 'd2077a8134ca6533810ba804ace54bd0') in 0.015859 seconds 
========================================================================
Received Import Request.
  Time since last request: 0.000015 seconds.
  path: Assets/PolygonGangWarfare/Prefabs/Props/SM_Prop_Packet_03.prefab
  artifactKey: Guid(77e2eadde07ee8d478053e7e40f325c2) Importer(815301076,1909f56bfc062723c751e8b465ee728b)
Start importing Assets/PolygonGangWarfare/Prefabs/Props/SM_Prop_Packet_03.prefab using Guid(77e2eadde07ee8d478053e7e40f325c2) Importer(815301076,1909f56bfc062723c751e8b465ee728b)  -> (artifact id: '4caa6634eb298d8cdaa7a421dc3a528c') in 0.014225 seconds 
========================================================================
Received Import Request.
  Time since last request: 0.000014 seconds.
  path: Assets/PolygonGangWarfare/Prefabs/Props/SM_Prop_Packet_05.prefab
  artifactKey: Guid(7058c568670608b41887abd993a33001) Importer(815301076,1909f56bfc062723c751e8b465ee728b)
Start importing Assets/PolygonGangWarfare/Prefabs/Props/SM_Prop_Packet_05.prefab using Guid(7058c568670608b41887abd993a33001) Importer(815301076,1909f56bfc062723c751e8b465ee728b)  -> (artifact id: 'bed7b0fe5085995749d22997343b0a8d') in 0.017279 seconds 
========================================================================
Received Import Request.
  Time since last request: 0.001512 seconds.
  path: Assets/PolygonGangWarfare/Prefabs/Props/SM_Prop_Packet_Stack_02.prefab
  artifactKey: Guid(9d1a4d6406dffab46bf83c0f321cf310) Importer(815301076,1909f56bfc062723c751e8b465ee728b)
Start importing Assets/PolygonGangWarfare/Prefabs/Props/SM_Prop_Packet_Stack_02.prefab using Guid(9d1a4d6406dffab46bf83c0f321cf310) Importer(815301076,1909f56bfc062723c751e8b465ee728b)  -> (artifact id: '6bb37ade0eeae5092e672502f3064d40') in 0.017333 seconds 
========================================================================
Received Import Request.
  Time since last request: 0.045889 seconds.
  path: Assets/PolygonGangWarfare/Prefabs/Props/SM_Prop_PaintBrush_01.prefab
  artifactKey: Guid(3375c4f75594b1e4aadff0dc693a2b64) Importer(815301076,1909f56bfc062723c751e8b465ee728b)
Start importing Assets/PolygonGangWarfare/Prefabs/Props/SM_Prop_PaintBrush_01.prefab using Guid(3375c4f75594b1e4aadff0dc693a2b64) Importer(815301076,1909f56bfc062723c751e8b465ee728b)  -> (artifact id: '62b18669ab3e4c54222ffe71a10433df') in 0.020990 seconds 
========================================================================
Received Import Request.
  Time since last request: 0.000019 seconds.
  path: Assets/PolygonGangWarfare/Prefabs/Props/SM_Prop_PaintCan_01.prefab
  artifactKey: Guid(5229aa44837eda645be3d95e43b64ead) Importer(815301076,1909f56bfc062723c751e8b465ee728b)
Start importing Assets/PolygonGangWarfare/Prefabs/Props/SM_Prop_PaintCan_01.prefab using Guid(5229aa44837eda645be3d95e43b64ead) Importer(815301076,1909f56bfc062723c751e8b465ee728b)  -> (artifact id: 'b9706a892ea93dcbe4f4f59f9fd24641') in 0.011436 seconds 
========================================================================
Received Import Request.
  Time since last request: 0.001167 seconds.
  path: Assets/PolygonGangWarfare/Prefabs/Props/SM_Prop_PaintCan_03.prefab
  artifactKey: Guid(e71e9ddb58035d94282eef1ab083b5ad) Importer(815301076,1909f56bfc062723c751e8b465ee728b)
Start importing Assets/PolygonGangWarfare/Prefabs/Props/SM_Prop_PaintCan_03.prefab using Guid(e71e9ddb58035d94282eef1ab083b5ad) Importer(815301076,1909f56bfc062723c751e8b465ee728b)  -> (artifact id: 'ccb4b16ce4f144fbeab466697bc51b75') in 0.018226 seconds 
========================================================================
Received Import Request.
  Time since last request: 0.000022 seconds.
  path: Assets/PolygonGangWarfare/Prefabs/Props/SM_Prop_Pan_01.prefab
  artifactKey: Guid(6ce11edd4e80caa418bbadef1f9fe5be) Importer(815301076,1909f56bfc062723c751e8b465ee728b)
Start importing Assets/PolygonGangWarfare/Prefabs/Props/SM_Prop_Pan_01.prefab using Guid(6ce11edd4e80caa418bbadef1f9fe5be) Importer(815301076,1909f56bfc062723c751e8b465ee728b)  -> (artifact id: 'c030bb0b7b646a97d2921ea6338c8529') in 0.010168 seconds 
========================================================================
Received Import Request.
  Time since last request: 0.000027 seconds.
  path: Assets/PolygonGangWarfare/Prefabs/Props/SM_Prop_Papers_02.prefab
  artifactKey: Guid(a7e3b0323f1603e4cad99b08f44b8259) Importer(815301076,1909f56bfc062723c751e8b465ee728b)
Start importing Assets/PolygonGangWarfare/Prefabs/Props/SM_Prop_Papers_02.prefab using Guid(a7e3b0323f1603e4cad99b08f44b8259) Importer(815301076,1909f56bfc062723c751e8b465ee728b)  -> (artifact id: '238f4e80d46ef6c6eecbbced09a4bda2') in 0.009440 seconds 
========================================================================
Received Import Request.
  Time since last request: 0.000019 seconds.
  path: Assets/PolygonGangWarfare/Prefabs/Props/SM_Prop_Pill_01.prefab
  artifactKey: Guid(faf3da69ec5f53b4ba712705754696b4) Importer(815301076,1909f56bfc062723c751e8b465ee728b)
Start importing Assets/PolygonGangWarfare/Prefabs/Props/SM_Prop_Pill_01.prefab using Guid(faf3da69ec5f53b4ba712705754696b4) Importer(815301076,1909f56bfc062723c751e8b465ee728b)  -> (artifact id: '70ba21ed5851c191e3bbbb1c525f1c7f') in 0.014229 seconds 
========================================================================
Received Import Request.
  Time since last request: 0.000018 seconds.
  path: Assets/PolygonGangWarfare/Prefabs/Props/SM_Prop_Pill_03.prefab
  artifactKey: Guid(d260eeea160f0be49925dee154c6b5fc) Importer(815301076,1909f56bfc062723c751e8b465ee728b)
Start importing Assets/PolygonGangWarfare/Prefabs/Props/SM_Prop_Pill_03.prefab using Guid(d260eeea160f0be49925dee154c6b5fc) Importer(815301076,1909f56bfc062723c751e8b465ee728b)  -> (artifact id: 'e3ec3e7f10faa21c76cbbd57c77f44c0') in 0.009864 seconds 
========================================================================
Received Import Request.
  Time since last request: 0.002628 seconds.
  path: Assets/PolygonGangWarfare/Prefabs/Props/SM_Prop_Pills_01.prefab
  artifactKey: Guid(6bfef8d9d61c9df4f9ad5a628ae55a09) Importer(815301076,1909f56bfc062723c751e8b465ee728b)
Start importing Assets/PolygonGangWarfare/Prefabs/Props/SM_Prop_Pills_01.prefab using Guid(6bfef8d9d61c9df4f9ad5a628ae55a09) Importer(815301076,1909f56bfc062723c751e8b465ee728b)  -> (artifact id: '23d6ecc9dde7a12533a9d64d1bdf5b05') in 0.030864 seconds 
========================================================================
Received Import Request.
  Time since last request: 0.011041 seconds.
  path: Assets/PolygonGangWarfare/Prefabs/Props/SM_Prop_Pills_04.prefab
  artifactKey: Guid(1c1eaf31f14c727468bc1aed173c9e2f) Importer(815301076,1909f56bfc062723c751e8b465ee728b)
Start importing Assets/PolygonGangWarfare/Prefabs/Props/SM_Prop_Pills_04.prefab using Guid(1c1eaf31f14c727468bc1aed173c9e2f) Importer(815301076,1909f56bfc062723c751e8b465ee728b)  -> (artifact id: '88749b9a37d66e46bfff67159f4312be') in 0.016758 seconds 
========================================================================
Received Import Request.
  Time since last request: 0.000015 seconds.
  path: Assets/PolygonGangWarfare/Prefabs/Props/SM_Prop_Pills_06.prefab
  artifactKey: Guid(955c8c39c8f96034cbcdb1843f04e913) Importer(815301076,1909f56bfc062723c751e8b465ee728b)
Start importing Assets/PolygonGangWarfare/Prefabs/Props/SM_Prop_Pills_06.prefab using Guid(955c8c39c8f96034cbcdb1843f04e913) Importer(815301076,1909f56bfc062723c751e8b465ee728b)  -> (artifact id: '13232889cf876e85ffe2d7ae596f0f62') in 0.014883 seconds 
========================================================================
Received Import Request.
  Time since last request: 0.000014 seconds.
  path: Assets/PolygonGangWarfare/Prefabs/Props/SM_Prop_PipeStack_01.prefab
  artifactKey: Guid(346e8ba17237f2641a81536b44f27ced) Importer(815301076,1909f56bfc062723c751e8b465ee728b)
Start importing Assets/PolygonGangWarfare/Prefabs/Props/SM_Prop_PipeStack_01.prefab using Guid(346e8ba17237f2641a81536b44f27ced) Importer(815301076,1909f56bfc062723c751e8b465ee728b)  -> (artifact id: 'e12c9a6a3a5fa1b2a1d67c97c318cb59') in 0.026015 seconds 
========================================================================
Received Import Request.
  Time since last request: 0.000014 seconds.
  path: Assets/PolygonGangWarfare/Prefabs/Props/SM_Prop_Plant_02.prefab
  artifactKey: Guid(0872778d0106dab4bab729e14eeb731d) Importer(815301076,1909f56bfc062723c751e8b465ee728b)
Start importing Assets/PolygonGangWarfare/Prefabs/Props/SM_Prop_Plant_02.prefab using Guid(0872778d0106dab4bab729e14eeb731d) Importer(815301076,1909f56bfc062723c751e8b465ee728b)  -> (artifact id: 'f83d32dd6b431a66361aa40547802fe1') in 0.080018 seconds 
========================================================================
Received Import Request.
  Time since last request: 0.000021 seconds.
  path: Assets/PolygonGangWarfare/Prefabs/Props/SM_Prop_PlasticBottle_02.prefab
  artifactKey: Guid(a7c6dfb61253c044f93baa866d0ae754) Importer(815301076,1909f56bfc062723c751e8b465ee728b)
Start importing Assets/PolygonGangWarfare/Prefabs/Props/SM_Prop_PlasticBottle_02.prefab using Guid(a7c6dfb61253c044f93baa866d0ae754) Importer(815301076,1909f56bfc062723c751e8b465ee728b)  -> (artifact id: 'd8d94010e1e61fbb58153d0bdc04d732') in 0.014970 seconds 
========================================================================
Received Import Request.
  Time since last request: 0.000023 seconds.
  path: Assets/PolygonGangWarfare/Prefabs/Props/SM_Prop_PlasticBottle_01_Open.prefab
  artifactKey: Guid(fc21748877750ba43bf23944076da9f9) Importer(815301076,1909f56bfc062723c751e8b465ee728b)
Start importing Assets/PolygonGangWarfare/Prefabs/Props/SM_Prop_PlasticBottle_01_Open.prefab using Guid(fc21748877750ba43bf23944076da9f9) Importer(815301076,1909f56bfc062723c751e8b465ee728b)  -> (artifact id: '463046a50230df75d8c34b2ec35be7cc') in 0.009875 seconds 
========================================================================
Received Import Request.
  Time since last request: 0.000017 seconds.
  path: Assets/PolygonGangWarfare/Prefabs/Props/SM_Prop_Plant_Bucket_01.prefab
  artifactKey: Guid(5af7cdcad7e1af249b654a3b4f00eb46) Importer(815301076,1909f56bfc062723c751e8b465ee728b)
Start importing Assets/PolygonGangWarfare/Prefabs/Props/SM_Prop_Plant_Bucket_01.prefab using Guid(5af7cdcad7e1af249b654a3b4f00eb46) Importer(815301076,1909f56bfc062723c751e8b465ee728b)  -> (artifact id: '4a32a4c1b5231de9b3e4e5245490ceea') in 0.011033 seconds 
========================================================================
Received Import Request.
  Time since last request: 1.250473 seconds.
  path: Assets/PolygonGangWarfare/Prefabs/Props/SM_Prop_Powder_Line_03.prefab
  artifactKey: Guid(1113583cd3b66f44e9f78059ca1d383f) Importer(815301076,1909f56bfc062723c751e8b465ee728b)
Start importing Assets/PolygonGangWarfare/Prefabs/Props/SM_Prop_Powder_Line_03.prefab using Guid(1113583cd3b66f44e9f78059ca1d383f) Importer(815301076,1909f56bfc062723c751e8b465ee728b)  -> (artifact id: '6219d8a24a12a7b35fc206e5a18af856') in 0.037876 seconds 
========================================================================
Received Import Request.
  Time since last request: 0.071769 seconds.
  path: Assets/PolygonGangWarfare/Prefabs/Props/SM_Prop_Powder_Pile_02.prefab
  artifactKey: Guid(2238e00f7f7b6ef4db8672153e211832) Importer(815301076,1909f56bfc062723c751e8b465ee728b)
Start importing Assets/PolygonGangWarfare/Prefabs/Props/SM_Prop_Powder_Pile_02.prefab using Guid(2238e00f7f7b6ef4db8672153e211832) Importer(815301076,1909f56bfc062723c751e8b465ee728b)  -> (artifact id: 'e736acfe78298207b79e3d500a4c11a7') in 0.167067 seconds 
========================================================================
Received Import Request.
  Time since last request: 0.025525 seconds.
  path: Assets/PolygonGangWarfare/Prefabs/Props/SM_Prop_Powder_Pile_Cut_02.prefab
  artifactKey: Guid(6b94b736075c92a47a25777a68d64830) Importer(815301076,1909f56bfc062723c751e8b465ee728b)
Start importing Assets/PolygonGangWarfare/Prefabs/Props/SM_Prop_Powder_Pile_Cut_02.prefab using Guid(6b94b736075c92a47a25777a68d64830) Importer(815301076,1909f56bfc062723c751e8b465ee728b)  -> (artifact id: 'e2a5ab6ba40df539f74075d24c1c4091') in 0.172503 seconds 
========================================================================
Received Import Request.
  Time since last request: 0.029705 seconds.
  path: Assets/PolygonGangWarfare/Prefabs/Props/SM_Prop_Propane_01.prefab
  artifactKey: Guid(24df48c0ddb97ff45bff7a91e31b4b82) Importer(815301076,1909f56bfc062723c751e8b465ee728b)
Start importing Assets/PolygonGangWarfare/Prefabs/Props/SM_Prop_Propane_01.prefab using Guid(24df48c0ddb97ff45bff7a91e31b4b82) Importer(815301076,1909f56bfc062723c751e8b465ee728b)  -> (artifact id: '4860c052c77fcd6e6169f4ac32615e32') in 0.162715 seconds 
========================================================================
Received Import Request.
  Time since last request: 0.127505 seconds.
  path: Assets/PolygonGangWarfare/Prefabs/Props/SM_Prop_Puddle_01.prefab
  artifactKey: Guid(81bef67f979e1d644bd60346b1ae9918) Importer(815301076,1909f56bfc062723c751e8b465ee728b)
Start importing Assets/PolygonGangWarfare/Prefabs/Props/SM_Prop_Puddle_01.prefab using Guid(81bef67f979e1d644bd60346b1ae9918) Importer(815301076,1909f56bfc062723c751e8b465ee728b)  -> (artifact id: '968c67a49e417f697a47bd17d088f4e6') in 0.114443 seconds 
========================================================================
Received Import Request.
  Time since last request: 1.487886 seconds.
  path: Assets/PolygonGangWarfare/Prefabs/Props/SM_Prop_ZipBag_Blue_L_01.prefab
  artifactKey: Guid(f8597233efa759d40958f51979f6f4eb) Importer(815301076,1909f56bfc062723c751e8b465ee728b)
Start importing Assets/PolygonGangWarfare/Prefabs/Props/SM_Prop_ZipBag_Blue_L_01.prefab using Guid(f8597233efa759d40958f51979f6f4eb) Importer(815301076,1909f56bfc062723c751e8b465ee728b)  -> (artifact id: '8e017b174d69d6b40712d5b7927ee03a') in 0.018376 seconds 
========================================================================
Received Import Request.
  Time since last request: 0.009413 seconds.
  path: Assets/PolygonGangWarfare/Prefabs/Props/SM_Prop_ZipBag_Blue_S_01.prefab
  artifactKey: Guid(90312942930414940a6b463a924e1f28) Importer(815301076,1909f56bfc062723c751e8b465ee728b)
Start importing Assets/PolygonGangWarfare/Prefabs/Props/SM_Prop_ZipBag_Blue_S_01.prefab using Guid(90312942930414940a6b463a924e1f28) Importer(815301076,1909f56bfc062723c751e8b465ee728b)  -> (artifact id: '1495741c0f399420894b5eb2d46d39a7') in 0.035380 seconds 
========================================================================
Received Import Request.
  Time since last request: 0.090322 seconds.
  path: Assets/PolygonGangWarfare/Prefabs/Props/SM_Prop_ZipBag_Green_S_03.prefab
  artifactKey: Guid(e23375d5a25a80f469a377e9a67db49d) Importer(815301076,1909f56bfc062723c751e8b465ee728b)
Start importing Assets/PolygonGangWarfare/Prefabs/Props/SM_Prop_ZipBag_Green_S_03.prefab using Guid(e23375d5a25a80f469a377e9a67db49d) Importer(815301076,1909f56bfc062723c751e8b465ee728b)  -> (artifact id: '96f6850773053d27b1f2875b8a148fd2') in 0.048115 seconds 
========================================================================
Received Import Request.
  Time since last request: 0.109824 seconds.
  path: Assets/PolygonGangWarfare/Prefabs/Props/SM_Prop_ZipBag_White_S_01.prefab
  artifactKey: Guid(eb9c562926c635d48aecb2b8a91b0747) Importer(815301076,1909f56bfc062723c751e8b465ee728b)
Start importing Assets/PolygonGangWarfare/Prefabs/Props/SM_Prop_ZipBag_White_S_01.prefab using Guid(eb9c562926c635d48aecb2b8a91b0747) Importer(815301076,1909f56bfc062723c751e8b465ee728b)  -> (artifact id: '302f72d3b68cf18f17e977de23933306') in 0.030462 seconds 
========================================================================
Received Import Request.
  Time since last request: 1.226154 seconds.
  path: Assets/PolygonGangWarfare/Prefabs/Props/SM_Prop_Table_Metal_Preset_03.prefab
  artifactKey: Guid(28c8b54ac8ed1c24eb2cd10e99c9ca9b) Importer(815301076,1909f56bfc062723c751e8b465ee728b)
Start importing Assets/PolygonGangWarfare/Prefabs/Props/SM_Prop_Table_Metal_Preset_03.prefab using Guid(28c8b54ac8ed1c24eb2cd10e99c9ca9b) Importer(815301076,1909f56bfc062723c751e8b465ee728b)  -> (artifact id: 'e13957ebd9f7e1a3307477e8cd5f4e7a') in 0.045652 seconds 
========================================================================
Received Import Request.
  Time since last request: 0.012331 seconds.
  path: Assets/PolygonGangWarfare/Prefabs/Props/SM_Prop_Table_Metal_Preset_06.prefab
  artifactKey: Guid(3b86ab4a60193d54d9c33c98ecc8012a) Importer(815301076,1909f56bfc062723c751e8b465ee728b)
Start importing Assets/PolygonGangWarfare/Prefabs/Props/SM_Prop_Table_Metal_Preset_06.prefab using Guid(3b86ab4a60193d54d9c33c98ecc8012a) Importer(815301076,1909f56bfc062723c751e8b465ee728b)  -> (artifact id: '6c6aad0f4d8300b3bc22ae89b5331d26') in 0.034204 seconds 
========================================================================
Received Import Request.
  Time since last request: 0.018802 seconds.
  path: Assets/PolygonGangWarfare/Prefabs/Props/SM_Prop_Toy_Samurai_Full_Painted_01.prefab
  artifactKey: Guid(885badd4349ee934f8b4c5275ab6a3dd) Importer(815301076,1909f56bfc062723c751e8b465ee728b)
Start importing Assets/PolygonGangWarfare/Prefabs/Props/SM_Prop_Toy_Samurai_Full_Painted_01.prefab using Guid(885badd4349ee934f8b4c5275ab6a3dd) Importer(815301076,1909f56bfc062723c751e8b465ee728b)  -> (artifact id: 'a2ee6076a103cea0d53af5da04c41b9b') in 0.012329 seconds 
========================================================================
Received Import Request.
  Time since last request: 0.003576 seconds.
  path: Assets/PolygonGangWarfare/Prefabs/Props/SM_Prop_Toy_Samurai_Head_Unpainted_01.prefab
  artifactKey: Guid(00e36b515c0ef29479b88b278c26b74d) Importer(815301076,1909f56bfc062723c751e8b465ee728b)
Start importing Assets/PolygonGangWarfare/Prefabs/Props/SM_Prop_Toy_Samurai_Head_Unpainted_01.prefab using Guid(00e36b515c0ef29479b88b278c26b74d) Importer(815301076,1909f56bfc062723c751e8b465ee728b)  -> (artifact id: '5639d1c0170a103aeef91d2a244543f5') in 0.014058 seconds 
========================================================================
Received Import Request.
  Time since last request: 0.404929 seconds.
  path: Assets/PolygonGangWarfare/Prefabs/Props/SM_Prop_Shelf_Wall_01.prefab
  artifactKey: Guid(baad5f450229e584d91fb4904d6ab8db) Importer(815301076,1909f56bfc062723c751e8b465ee728b)
Start importing Assets/PolygonGangWarfare/Prefabs/Props/SM_Prop_Shelf_Wall_01.prefab using Guid(baad5f450229e584d91fb4904d6ab8db) Importer(815301076,1909f56bfc062723c751e8b465ee728b)  -> (artifact id: '1072249fc2a2ae21c91ada6fc50673c2') in 0.146027 seconds 
========================================================================
Received Import Request.
  Time since last request: 0.000015 seconds.
  path: Assets/PolygonGangWarfare/Prefabs/Props/SM_Prop_Sign_Exit_01.prefab
  artifactKey: Guid(05ccfc3f1f493024685e3fa9d690c493) Importer(815301076,1909f56bfc062723c751e8b465ee728b)
Start importing Assets/PolygonGangWarfare/Prefabs/Props/SM_Prop_Sign_Exit_01.prefab using Guid(05ccfc3f1f493024685e3fa9d690c493) Importer(815301076,1909f56bfc062723c751e8b465ee728b)  -> (artifact id: '0ff48bfa6746239bf1abaa738136a97f') in 0.009798 seconds 
Editor requested this worker to shutdown with reason: Scaling down because of idle timeout
AssetImportWorker is now disconnected from the server
Process exiting
Exiting without the bug reporter. Application will terminate with return code 0